#
# A fatal error has been detected by the Java Runtime Environment:
#
#  SIGSEGV (0xb) at pc=0x00007fb3f726b69b, pid=21783, tid=21789
#
# JRE version: OpenJDK Runtime Environment (15.0.1+9) (build 15.0.1+9-18)
# Java VM: OpenJDK 64-Bit Server VM (15.0.1+9-18, mixed mode, tiered, compressed oops, g1 gc, linux-amd64)
# Problematic frame:
# C  [libtesseract.so.4+0x25969b]  ERRCODE::error(char const*, TessErrorLogCode, char const*, ...) const+0x16b
#
# No core dump will be written. Core dumps have been disabled. To enable core dumping, try "ulimit -c unlimited" before starting Java again
#
# If you would like to submit a bug report, please visit:
#   https://bugreport.java.com/bugreport/crash.jsp
# The crash happened outside the Java Virtual Machine in native code.
# See problematic frame for where to report the bug.
#

---------------  S U M M A R Y ------------

Command Line: -ea -Dfile.encoding=UTF-8 -XX:+ShowCodeDetailsInExceptionMessages org.testng.remote.RemoteTestNG -serport 41689 -protocol json -d /home/jl/Documents/ACL/AccessibleTodoList_End2endTests/test-output /tmp/testng-eclipse-309268884/testng-customsuite.xml

Host: Intel(R) Core(TM) i3-5005U CPU @ 2.00GHz, 4 cores, 7G, Zorin OS 15.3
Time: Mon Feb 22 17:34:09 2021 CET elapsed time: 9.726690 seconds (0d 0h 0m 9s)

---------------  T H R E A D  ---------------

Current thread (0x00007fb48c02bda0):  JavaThread "main" [_thread_in_native, id=21789, stack(0x00007fb490483000,0x00007fb490584000)]

Stack: [0x00007fb490483000,0x00007fb490584000],  sp=0x00007fb49057f680,  free space=1009k
Native frames: (J=compiled Java code, A=aot compiled Java code, j=interpreted, Vv=VM code, C=native code)
C  [libtesseract.so.4+0x25969b]  ERRCODE::error(char const*, TessErrorLogCode, char const*, ...) const+0x16b

Java frames: (J=compiled Java code, j=interpreted, Vv=VM code)
j  com.sun.jna.Native.invokeInt(Lcom/sun/jna/Function;JI[Ljava/lang/Object;)I+0
j  com.sun.jna.Function.invoke([Ljava/lang/Object;Ljava/lang/Class;ZI)Ljava/lang/Object;+211
j  com.sun.jna.Function.invoke(Ljava/lang/reflect/Method;[Ljava/lang/Class;Ljava/lang/Class;[Ljava/lang/Object;Ljava/util/Map;)Ljava/lang/Object;+271
j  com.sun.jna.Library$Handler.invoke(Ljava/lang/Object;Ljava/lang/reflect/Method;[Ljava/lang/Object;)Ljava/lang/Object;+390
j  com.sun.proxy.$Proxy8.TessBaseAPIInit1(Lnet/sourceforge/tess4j/ITessAPI$TessBaseAPI;Ljava/lang/String;Ljava/lang/String;ILcom/sun/jna/ptr/PointerByReference;I)I+46
j  net.sourceforge.tess4j.Tesseract.init()V+87
j  net.sourceforge.tess4j.Tesseract.doOCR(Ljava/io/File;Ljava/awt/Rectangle;)Ljava/lang/String;+81
j  net.sourceforge.tess4j.Tesseract.doOCR(Ljava/io/File;)Ljava/lang/String;+3
j  jl.project.ChromeTests.UserRequirement3.hideAndDisplayItem()V+313
v  ~StubRoutines::call_stub
j  jdk.internal.reflect.NativeMethodAccessorImpl.invoke0(Ljava/lang/reflect/Method;Ljava/lang/Object;[Ljava/lang/Object;)Ljava/lang/Object;+0 java.base@15.0.1
j  jdk.internal.reflect.NativeMethodAccessorImpl.invoke(Ljava/lang/Object;[Ljava/lang/Object;)Ljava/lang/Object;+113 java.base@15.0.1
j  jdk.internal.reflect.DelegatingMethodAccessorImpl.invoke(Ljava/lang/Object;[Ljava/lang/Object;)Ljava/lang/Object;+6 java.base@15.0.1
j  java.lang.reflect.Method.invoke(Ljava/lang/Object;[Ljava/lang/Object;)Ljava/lang/Object;+59 java.base@15.0.1
j  org.testng.internal.MethodInvocationHelper.invokeMethod(Ljava/lang/reflect/Method;Ljava/lang/Object;[Ljava/lang/Object;)Ljava/lang/Object;+255
j  org.testng.internal.Invoker.invokeMethod(Ljava/lang/Object;Lorg/testng/ITestNGMethod;[Ljava/lang/Object;ILorg/testng/xml/XmlSuite;Ljava/util/Map;Lorg/testng/ITestClass;[Lorg/testng/ITestNGMethod;[Lorg/testng/ITestNGMethod;Lorg/testng/internal/ConfigurationGroupMethods;Lorg/testng/internal/Invoker$FailureContext;)Lorg/testng/ITestResult;+382
j  org.testng.internal.Invoker.invokeTestMethod(Ljava/lang/Object;Lorg/testng/ITestNGMethod;[Ljava/lang/Object;ILorg/testng/xml/XmlSuite;Ljava/util/Map;Lorg/testng/ITestClass;[Lorg/testng/ITestNGMethod;[Lorg/testng/ITestNGMethod;Lorg/testng/internal/ConfigurationGroupMethods;Lorg/testng/internal/Invoker$FailureContext;)Lorg/testng/ITestResult;+29
j  org.testng.internal.Invoker.invokeTestMethods(Lorg/testng/ITestNGMethod;Lorg/testng/xml/XmlSuite;Ljava/util/Map;Lorg/testng/internal/ConfigurationGroupMethods;Ljava/lang/Object;Lorg/testng/ITestContext;)Ljava/util/List;+729
j  org.testng.internal.TestMethodWorker.invokeTestMethods(Lorg/testng/ITestNGMethod;Ljava/lang/Object;Lorg/testng/ITestContext;)V+19
j  org.testng.internal.TestMethodWorker.run()V+63
j  org.testng.TestRunner.privateRun(Lorg/testng/xml/XmlTest;)V+300
j  org.testng.TestRunner.run()V+25
j  org.testng.SuiteRunner.runTest(Lorg/testng/TestRunner;)V+1
j  org.testng.SuiteRunner.runSequentially()V+31
j  org.testng.SuiteRunner.privateRun()V+288
j  org.testng.SuiteRunner.run()V+6
j  org.testng.SuiteRunnerWorker.runSuite(Lorg/testng/internal/SuiteRunnerMap;Lorg/testng/xml/XmlSuite;)V+87
j  org.testng.SuiteRunnerWorker.run()V+12
j  org.testng.TestNG.runSuitesSequentially(Lorg/testng/xml/XmlSuite;Lorg/testng/internal/SuiteRunnerMap;ILjava/lang/String;)V+66
j  org.testng.TestNG.runSuitesLocally()Ljava/util/List;+156
j  org.testng.TestNG.runSuites()Ljava/util/List;+1
j  org.testng.TestNG.run()V+25
j  org.testng.remote.AbstractRemoteTestNG.run()V+149
j  org.testng.remote.RemoteTestNG.initAndRun(Lorg/testng/remote/IRemoteTestNG;[Ljava/lang/String;Lorg/testng/CommandLineArgs;Lorg/testng/remote/RemoteArgs;)V+184
j  org.testng.remote.RemoteTestNG.main([Ljava/lang/String;)V+201
v  ~StubRoutines::call_stub

siginfo: si_signo: 11 (SIGSEGV), si_code: 1 (SEGV_MAPERR), si_addr: 0x0000000000000000

Register to memory mapping:

RAX=0x0000000000000055 is an unknown value
RBX=0x00007fb49057f6d7 is pointing into the stack for thread: 0x00007fb48c02bda0
RCX=0x0 is NULL
RDX=0x00007fb491e938b0: <offset 0x00000000003e38b0> in /lib/x86_64-linux-gnu/libc.so.6 at 0x00007fb491ab0000
RSP=0x00007fb49057f680 is pointing into the stack for thread: 0x00007fb48c02bda0
RBP=0x00007fb49057f6a0 is pointing into the stack for thread: 0x00007fb48c02bda0
RSI=0x0000000000000055 is an unknown value
RDI=0x0 is NULL
R8 =0x0000000000000055 is an unknown value
R9 =
[error occurred during error reporting (printing register info), id 0xb, SIGSEGV (0xb) at pc=0x00007fb490f48760]

Registers:
RAX=0x0000000000000055, RBX=0x00007fb49057f6d7, RCX=0x0000000000000000, RDX=0x00007fb491e938b0
RSP=0x00007fb49057f680, RBP=0x00007fb49057f6a0, RSI=0x0000000000000055, RDI=0x0000000000000000
R8 =0x0000000000000055, R9 =0x00000000ffffffff, R10=0x00007fb3f729adcd, R11=0x0000000000000000
R12=0x0000000000000002, R13=0x00007fb3f727b4a1, R14=0x00007fb3f77b76e0, R15=0x00007fb49057fbf0
RIP=0x00007fb3f726b69b, EFLAGS=0x0000000000010246, CSGSFS=0x002b000000000033, ERR=0x0000000000000004
  TRAPNO=0x000000000000000e

Top of Stack: (sp=0x00007fb49057f680)
0x00007fb49057f680:   00007fb49057fc30 0000003000000030
0x00007fb49057f690:   00007fb49057fb90 00007fb49057fab0
0x00007fb49057f6a0:   65206c6174614622 636e6520726f7272
0x00007fb49057f6b0:   64657265746e756f 554e203d3d202221 

Instructions: (pc=0x00007fb3f726b69b)
0x00007fb3f726b59b:   00 48 8d 6c 24 20 64 48 8b 04 25 28 00 00 00 48
0x00007fb3f726b5ab:   89 84 24 28 04 00 00 31 c0 48 85 f6 48 89 eb 74
0x00007fb3f726b5bb:   22 48 8d 0d ec 18 03 00 49 89 f0 ba 00 04 00 00
0x00007fb3f726b5cb:   be 01 00 00 00 48 89 ef e8 68 42 e2 ff 48 63 d8
0x00007fb3f726b5db:   48 01 eb 4d 8b 06 48 8d 0d cb 18 03 00 48 89 df
0x00007fb3f726b5eb:   31 c0 48 c7 c2 ff ff ff ff be 01 00 00 00 e8 42
0x00007fb3f726b5fb:   42 e2 ff 48 98 48 01 c3 4d 85 ed 0f 84 e4 00 00
0x00007fb3f726b60b:   00 48 8d 84 24 10 05 00 00 ba 3a 00 00 00 48 83
0x00007fb3f726b61b:   c3 01 66 89 53 ff 4c 8d 44 24 08 4c 89 e9 48 89
0x00007fb3f726b62b:   44 24 10 48 8d 84 24 30 04 00 00 48 c7 c2 ff ff
0x00007fb3f726b63b:   ff ff be 01 00 00 00 48 89 df c7 44 24 08 20 00
0x00007fb3f726b64b:   00 00 c7 44 24 0c 30 00 00 00 48 89 44 24 18 e8
0x00007fb3f726b65b:   e1 48 e2 ff b9 0a 00 00 00 48 98 66 89 0c 03 48
0x00007fb3f726b66b:   8b 05 77 74 2b 00 48 8d 15 53 f7 02 00 48 89 e9
0x00007fb3f726b67b:   be 01 00 00 00 48 8b 38 31 c0 e8 66 4b e2 ff 41
0x00007fb3f726b68b:   83 fc ff 7c 18 45 85 e4 7e 2f 41 83 fc 02 7f 0d
0x00007fb3f726b69b:   8b 04 25 00 00 00 00 0f 0b 0f 1f 40 00 48 8d 35
0x00007fb3f726b6ab:   b2 05 03 00 48 8d 3d 22 c0 50 00 31 c9 ba 02 00
0x00007fb3f726b6bb:   00 00 31 c0 e8 6c fe ff ff 48 8b 84 24 28 04 00
0x00007fb3f726b6cb:   00 64 48 33 04 25 28 00 00 00 75 26 48 81 c4 e0
0x00007fb3f726b6db:   04 00 00 5b 5d 41 5c 41 5d 41 5e c3 66 0f 1f 84
0x00007fb3f726b6eb:   00 00 00 00 00 b8 0a 00 00 00 66 89 03 e9 6d ff
0x00007fb3f726b6fb:   ff ff e8 ce 45 e2 ff 66 2e 0f 1f 84 00 00 00 00
0x00007fb3f726b70b:   00 0f 1f 40 00 41 55 41 54 31 c0 55 53 89 fd bf
0x00007fb3f726b71b:   ba 00 00 00 49 89 f5 48 83 ec 08 e8 c5 3c e2 ff
0x00007fb3f726b72b:   48 99 4c 8b 25 0c 6b 2b 00 48 c1 ea 31 48 8d 1c
0x00007fb3f726b73b:   10 81 e3 ff 7f 00 00 48 29 d3 49 8d 3c dc e8 32
0x00007fb3f726b74b:   4d e2 ff 4d 85 ed 74 23 4c 89 ef e8 55 43 e2 ff
0x00007fb3f726b75b:   89 ee 49 89 c5 48 89 c7 e8 58 3d e2 ff 89 ee 4c
0x00007fb3f726b76b:   89 ef e8 7e 3e e2 ff 4d 89 2c dc 48 83 c4 08 5b
0x00007fb3f726b77b:   5d 41 5c 41 5d c3 0f 1f 44 00 00 66 2e 0f 1f 84
0x00007fb3f726b78b:   00 00 00 00 00 41 54 89 fe 55 48 8d 3d 35 17 03 


Stack slot to memory mapping:
stack at sp + 0 slots: 0x00007fb49057fc30 is pointing into the stack for thread: 0x00007fb48c02bda0
stack at sp + 1 slots: 0x0000003000000030 is an unknown value
stack at sp + 2 slots: 0x00007fb49057fb90 is pointing into the stack for thread: 0x00007fb48c02bda0
stack at sp + 3 slots: 0x00007fb49057fab0 is pointing into the stack for thread: 0x00007fb48c02bda0
stack at sp + 4 slots: 0x65206c6174614622 is an unknown value
stack at sp + 5 slots: 0x636e6520726f7272 is an unknown value
stack at sp + 6 slots: 0x64657265746e756f is an unknown value
stack at sp + 7 slots: 0x554e203d3d202221 is an unknown value


---------------  P R O C E S S  ---------------

Threads class SMR info:
_java_thread_list=0x00007fb48caa9920, length=22, elements={
0x00007fb48c02bda0, 0x00007fb48c179c40, 0x00007fb48c17b8a0, 0x00007fb48c193760,
0x00007fb48c194e80, 0x00007fb48c1967c0, 0x00007fb48c198000, 0x00007fb48c1996c0,
0x00007fb48c20e550, 0x00007fb48c221690, 0x00007fb48c613ac0, 0x00007fb448000e20,
0x00007fb48c76b200, 0x00007fb48c8b7410, 0x00007fb48c8c1220, 0x00007fb414018200,
0x00007fb41401a320, 0x00007fb41400c4b0, 0x00007fb48c98d860, 0x00007fb48c990f20,
0x00007fb48ca83ea0, 0x00007fb48caa8860
}

Java Threads: ( => current thread )
=>0x00007fb48c02bda0 JavaThread "main" [_thread_in_native, id=21789, stack(0x00007fb490483000,0x00007fb490584000)]
  0x00007fb48c179c40 JavaThread "Reference Handler" daemon [_thread_blocked, id=21796, stack(0x00007fb46ccd4000,0x00007fb46cdd5000)]
  0x00007fb48c17b8a0 JavaThread "Finalizer" daemon [_thread_blocked, id=21797, stack(0x00007fb46cbd3000,0x00007fb46ccd4000)]
  0x00007fb48c193760 JavaThread "Signal Dispatcher" daemon [_thread_blocked, id=21798, stack(0x00007fb46cad2000,0x00007fb46cbd3000)]
  0x00007fb48c194e80 JavaThread "Service Thread" daemon [_thread_blocked, id=21799, stack(0x00007fb46c9d1000,0x00007fb46cad2000)]
  0x00007fb48c1967c0 JavaThread "C2 CompilerThread0" daemon [_thread_blocked, id=21800, stack(0x00007fb46c8d0000,0x00007fb46c9d1000)]
  0x00007fb48c198000 JavaThread "C1 CompilerThread0" daemon [_thread_blocked, id=21801, stack(0x00007fb46c7cf000,0x00007fb46c8d0000)]
  0x00007fb48c1996c0 JavaThread "Sweeper thread" daemon [_thread_blocked, id=21802, stack(0x00007fb46c6ce000,0x00007fb46c7cf000)]
  0x00007fb48c20e550 JavaThread "Notification Thread" daemon [_thread_blocked, id=21803, stack(0x00007fb46c5cd000,0x00007fb46c6ce000)]
  0x00007fb48c221690 JavaThread "Common-Cleaner" daemon [_thread_blocked, id=21805, stack(0x00007fb46c3ca000,0x00007fb46c4cb000)]
  0x00007fb48c613ac0 JavaThread "ReaderThread" [_thread_in_native, id=21807, stack(0x00007fb46c26d000,0x00007fb46c36e000)]
  0x00007fb448000e20 JavaThread "Attach Listener" daemon [_thread_blocked, id=21811, stack(0x00007fb44eb03000,0x00007fb44ec04000)]
  0x00007fb48c76b200 JavaThread "Keep-Alive-Timer" daemon [_thread_blocked, id=21813, stack(0x00007fb44dfdb000,0x00007fb44e0dc000)]
  0x00007fb48c8b7410 JavaThread "Exec Default Executor" daemon [_thread_blocked, id=21814, stack(0x00007fb44dad7000,0x00007fb44dbd8000)]
  0x00007fb48c8c1220 JavaThread "UrlChecker-2" daemon [_thread_blocked, id=21816, stack(0x00007fb44d9d6000,0x00007fb44dad7000)]
  0x00007fb414018200 JavaThread "process reaper" daemon [_thread_in_native, id=21817, stack(0x00007fb46c03a000,0x00007fb46c05c000)]
  0x00007fb41401a320 JavaThread "Exec Stream Pumper" daemon [_thread_in_native, id=21818, stack(0x00007fb44d8d5000,0x00007fb44d9d6000)]
  0x00007fb41400c4b0 JavaThread "Exec Stream Pumper" daemon [_thread_in_native, id=21819, stack(0x00007fb44d7d4000,0x00007fb44d8d5000)]
  0x00007fb48c98d860 JavaThread "OkHttp ConnectionPool" daemon [_thread_blocked, id=21824, stack(0x00007fb44d2d3000,0x00007fb44d3d4000)]
  0x00007fb48c990f20 JavaThread "Okio Watchdog" daemon [_thread_blocked, id=21826, stack(0x00007fb44d1d2000,0x00007fb44d2d3000)]
  0x00007fb48ca83ea0 JavaThread "Java2D Disposer" daemon [_thread_blocked, id=22090, stack(0x00007fb44c002000,0x00007fb44c103000)]
  0x00007fb48caa8860 JavaThread "process reaper" daemon [_thread_blocked, id=22092, stack(0x00007fb46c018000,0x00007fb46c03a000)]

Other Threads:
  0x00007fb48c15f920 VMThread "VM Thread" [stack: 0x00007fb46cdd7000,0x00007fb46ced7000] [id=21795]
  0x00007fb48c183bd0 WatcherThread [stack: 0x00007fb46c4cd000,0x00007fb46c5cd000] [id=21804]
  0x00007fb48c069090 GCTaskThread "GC Thread#0" [stack: 0x00007fb474009000,0x00007fb474109000] [id=21790]
  0x00007fb45c001000 GCTaskThread "GC Thread#1" [stack: 0x00007fb44f00a000,0x00007fb44f10a000] [id=21808]
  0x00007fb45c001cc0 GCTaskThread "GC Thread#2" [stack: 0x00007fb44ef08000,0x00007fb44f008000] [id=21809]
  0x00007fb45c002a60 GCTaskThread "GC Thread#3" [stack: 0x00007fb44ee06000,0x00007fb44ef06000] [id=21810]
  0x00007fb48c079f40 ConcurrentGCThread "G1 Main Marker" [stack: 0x00007fb46ff00000,0x00007fb470000000] [id=21791]
  0x00007fb48c07b1e0 ConcurrentGCThread "G1 Conc#0" [stack: 0x00007fb46fdfe000,0x00007fb46fefe000] [id=21792]
  0x00007fb48c0e0b80 ConcurrentGCThread "G1 Refine#0" [stack: 0x00007fb46d8f8000,0x00007fb46d9f8000] [id=21793]
  0x00007fb48c0e1da0 ConcurrentGCThread "G1 Young RemSet Sampling" [stack: 0x00007fb46d7f6000,0x00007fb46d8f6000] [id=21794]

Threads with active compile tasks:

VM state: not at safepoint (normal execution)

VM Mutex/Monitor currently owned by a thread: None

Heap address: 0x0000000085200000, size: 1966 MB, Compressed Oops mode: 32-bit
CDS disabled.
Compressed class space mapped at: 0x0000000100000000-0x0000000140000000, size: 1073741824
Narrow klass base: 0x0000000000000000, Narrow klass shift: 3, Narrow klass range: 0x140000000

GC Precious Log:
 CPUs: 4 total, 4 available
 Memory: 7863M
 Large Page Support: Disabled
 NUMA Support: Disabled
 Compressed Oops: Enabled (32-bit)
 Heap Region Size: 1M
 Heap Min Capacity: 8M
 Heap Initial Capacity: 124M
 Heap Max Capacity: 1966M
 Pre-touch: Disabled
 Parallel Workers: 4
 Concurrent Workers: 1
 Concurrent Refinement Workers: 4
 Periodic GC: Disabled

Heap:
 garbage-first heap   total 78848K, used 21421K [0x0000000085200000, 0x0000000100000000)
  region size 1024K, 15 young (15360K), 2 survivors (2048K)
 Metaspace       used 29109K, capacity 29411K, committed 29872K, reserved 1075200K
  class space    used 3107K, capacity 3203K, committed 3328K, reserved 1048576K

Heap Regions: E=young(eden), S=young(survivor), O=old, HS=humongous(starts), HC=humongous(continues), CS=collection set, F=free, OA=open archive, CA=closed archive, TAMS=top-at-mark-start (previous, next)
|   0|0x0000000085200000, 0x0000000085300000, 0x0000000085300000|100%| O|  |TAMS 0x0000000085300000, 0x0000000085200000| Untracked 
|   1|0x0000000085300000, 0x0000000085400000, 0x0000000085400000|100%| O|  |TAMS 0x0000000085400000, 0x0000000085300000| Untracked 
|   2|0x0000000085400000, 0x0000000085500000, 0x0000000085500000|100%| O|  |TAMS 0x0000000085500000, 0x0000000085400000| Untracked 
|   3|0x0000000085500000, 0x0000000085600000, 0x0000000085600000|100%| O|  |TAMS 0x0000000085600000, 0x0000000085500000| Untracked 
|   4|0x0000000085600000, 0x0000000085618200, 0x0000000085700000|  9%| O|  |TAMS 0x0000000085618200, 0x0000000085600000| Untracked 
|   5|0x0000000085700000, 0x0000000085800000, 0x0000000085800000|100%| O|  |TAMS 0x0000000085700000, 0x0000000085700000| Untracked 
|   6|0x0000000085800000, 0x0000000085900000, 0x0000000085900000|100%| O|  |TAMS 0x0000000085800000, 0x0000000085800000| Untracked 
|   7|0x0000000085900000, 0x00000000859e3a00, 0x0000000085a00000| 88%| O|  |TAMS 0x0000000085900000, 0x0000000085900000| Untracked 
|   8|0x0000000085a00000, 0x0000000085a00000, 0x0000000085b00000|  0%| F|  |TAMS 0x0000000085a00000, 0x0000000085a00000| Untracked 
|   9|0x0000000085b00000, 0x0000000085b00000, 0x0000000085c00000|  0%| F|  |TAMS 0x0000000085b00000, 0x0000000085b00000| Untracked 
|  10|0x0000000085c00000, 0x0000000085c00000, 0x0000000085d00000|  0%| F|  |TAMS 0x0000000085c00000, 0x0000000085c00000| Untracked 
|  11|0x0000000085d00000, 0x0000000085d00000, 0x0000000085e00000|  0%| F|  |TAMS 0x0000000085d00000, 0x0000000085d00000| Untracked 
|  12|0x0000000085e00000, 0x0000000085e00000, 0x0000000085f00000|  0%| F|  |TAMS 0x0000000085e00000, 0x0000000085e00000| Untracked 
|  13|0x0000000085f00000, 0x0000000085f00000, 0x0000000086000000|  0%| F|  |TAMS 0x0000000085f00000, 0x0000000085f00000| Untracked 
|  14|0x0000000086000000, 0x0000000086000000, 0x0000000086100000|  0%| F|  |TAMS 0x0000000086000000, 0x0000000086000000| Untracked 
|  15|0x0000000086100000, 0x0000000086100000, 0x0000000086200000|  0%| F|  |TAMS 0x0000000086100000, 0x0000000086100000| Untracked 
|  16|0x0000000086200000, 0x0000000086200000, 0x0000000086300000|  0%| F|  |TAMS 0x0000000086200000, 0x0000000086200000| Untracked 
|  17|0x0000000086300000, 0x00000000863ef8c0, 0x0000000086400000| 93%| S|CS|TAMS 0x0000000086300000, 0x0000000086300000| Complete 
|  18|0x0000000086400000, 0x0000000086500000, 0x0000000086500000|100%| S|CS|TAMS 0x0000000086400000, 0x0000000086400000| Complete 
|  19|0x0000000086500000, 0x0000000086500000, 0x0000000086600000|  0%| F|  |TAMS 0x0000000086500000, 0x0000000086500000| Untracked 
|  20|0x0000000086600000, 0x0000000086600000, 0x0000000086700000|  0%| F|  |TAMS 0x0000000086600000, 0x0000000086600000| Untracked 
|  21|0x0000000086700000, 0x0000000086700000, 0x0000000086800000|  0%| F|  |TAMS 0x0000000086700000, 0x0000000086700000| Untracked 
|  22|0x0000000086800000, 0x0000000086800000, 0x0000000086900000|  0%| F|  |TAMS 0x0000000086800000, 0x0000000086800000| Untracked 
|  23|0x0000000086900000, 0x0000000086900000, 0x0000000086a00000|  0%| F|  |TAMS 0x0000000086900000, 0x0000000086900000| Untracked 
|  24|0x0000000086a00000, 0x0000000086a00000, 0x0000000086b00000|  0%| F|  |TAMS 0x0000000086a00000, 0x0000000086a00000| Untracked 
|  25|0x0000000086b00000, 0x0000000086b00000, 0x0000000086c00000|  0%| F|  |TAMS 0x0000000086b00000, 0x0000000086b00000| Untracked 
|  26|0x0000000086c00000, 0x0000000086c00000, 0x0000000086d00000|  0%| F|  |TAMS 0x0000000086c00000, 0x0000000086c00000| Untracked 
|  27|0x0000000086d00000, 0x0000000086d00000, 0x0000000086e00000|  0%| F|  |TAMS 0x0000000086d00000, 0x0000000086d00000| Untracked 
|  28|0x0000000086e00000, 0x0000000086e00000, 0x0000000086f00000|  0%| F|  |TAMS 0x0000000086e00000, 0x0000000086e00000| Untracked 
|  29|0x0000000086f00000, 0x0000000086f00000, 0x0000000087000000|  0%| F|  |TAMS 0x0000000086f00000, 0x0000000086f00000| Untracked 
|  30|0x0000000087000000, 0x0000000087000000, 0x0000000087100000|  0%| F|  |TAMS 0x0000000087000000, 0x0000000087000000| Untracked 
|  31|0x0000000087100000, 0x0000000087100000, 0x0000000087200000|  0%| F|  |TAMS 0x0000000087100000, 0x0000000087100000| Untracked 
|  32|0x0000000087200000, 0x0000000087200000, 0x0000000087300000|  0%| F|  |TAMS 0x0000000087200000, 0x0000000087200000| Untracked 
|  33|0x0000000087300000, 0x0000000087300000, 0x0000000087400000|  0%| F|  |TAMS 0x0000000087300000, 0x0000000087300000| Untracked 
|  34|0x0000000087400000, 0x0000000087400000, 0x0000000087500000|  0%| F|  |TAMS 0x0000000087400000, 0x0000000087400000| Untracked 
|  35|0x0000000087500000, 0x0000000087500000, 0x0000000087600000|  0%| F|  |TAMS 0x0000000087500000, 0x0000000087500000| Untracked 
|  36|0x0000000087600000, 0x0000000087600000, 0x0000000087700000|  0%| F|  |TAMS 0x0000000087600000, 0x0000000087600000| Untracked 
|  37|0x0000000087700000, 0x0000000087700000, 0x0000000087800000|  0%| F|  |TAMS 0x0000000087700000, 0x0000000087700000| Untracked 
|  38|0x0000000087800000, 0x0000000087800000, 0x0000000087900000|  0%| F|  |TAMS 0x0000000087800000, 0x0000000087800000| Untracked 
|  39|0x0000000087900000, 0x0000000087900000, 0x0000000087a00000|  0%| F|  |TAMS 0x0000000087900000, 0x0000000087900000| Untracked 
|  40|0x0000000087a00000, 0x0000000087a00000, 0x0000000087b00000|  0%| F|  |TAMS 0x0000000087a00000, 0x0000000087a00000| Untracked 
|  41|0x0000000087b00000, 0x0000000087b00000, 0x0000000087c00000|  0%| F|  |TAMS 0x0000000087b00000, 0x0000000087b00000| Untracked 
|  42|0x0000000087c00000, 0x0000000087c00000, 0x0000000087d00000|  0%| F|  |TAMS 0x0000000087c00000, 0x0000000087c00000| Untracked 
|  43|0x0000000087d00000, 0x0000000087d00000, 0x0000000087e00000|  0%| F|  |TAMS 0x0000000087d00000, 0x0000000087d00000| Untracked 
|  44|0x0000000087e00000, 0x0000000087e00000, 0x0000000087f00000|  0%| F|  |TAMS 0x0000000087e00000, 0x0000000087e00000| Untracked 
|  45|0x0000000087f00000, 0x0000000087f00000, 0x0000000088000000|  0%| F|  |TAMS 0x0000000087f00000, 0x0000000087f00000| Untracked 
|  46|0x0000000088000000, 0x0000000088000000, 0x0000000088100000|  0%| F|  |TAMS 0x0000000088000000, 0x0000000088000000| Untracked 
|  47|0x0000000088100000, 0x0000000088100000, 0x0000000088200000|  0%| F|  |TAMS 0x0000000088100000, 0x0000000088100000| Untracked 
|  48|0x0000000088200000, 0x0000000088200000, 0x0000000088300000|  0%| F|  |TAMS 0x0000000088200000, 0x0000000088200000| Untracked 
|  49|0x0000000088300000, 0x0000000088300000, 0x0000000088400000|  0%| F|  |TAMS 0x0000000088300000, 0x0000000088300000| Untracked 
|  50|0x0000000088400000, 0x0000000088400000, 0x0000000088500000|  0%| F|  |TAMS 0x0000000088400000, 0x0000000088400000| Untracked 
|  51|0x0000000088500000, 0x0000000088500000, 0x0000000088600000|  0%| F|  |TAMS 0x0000000088500000, 0x0000000088500000| Untracked 
|  52|0x0000000088600000, 0x0000000088600000, 0x0000000088700000|  0%| F|  |TAMS 0x0000000088600000, 0x0000000088600000| Untracked 
|  53|0x0000000088700000, 0x0000000088700000, 0x0000000088800000|  0%| F|  |TAMS 0x0000000088700000, 0x0000000088700000| Untracked 
|  54|0x0000000088800000, 0x0000000088800000, 0x0000000088900000|  0%| F|  |TAMS 0x0000000088800000, 0x0000000088800000| Untracked 
|  55|0x0000000088900000, 0x0000000088900000, 0x0000000088a00000|  0%| F|  |TAMS 0x0000000088900000, 0x0000000088900000| Untracked 
|  56|0x0000000088a00000, 0x0000000088a00000, 0x0000000088b00000|  0%| F|  |TAMS 0x0000000088a00000, 0x0000000088a00000| Untracked 
|  57|0x0000000088b00000, 0x0000000088b00000, 0x0000000088c00000|  0%| F|  |TAMS 0x0000000088b00000, 0x0000000088b00000| Untracked 
|  58|0x0000000088c00000, 0x0000000088c00000, 0x0000000088d00000|  0%| F|  |TAMS 0x0000000088c00000, 0x0000000088c00000| Untracked 
|  59|0x0000000088d00000, 0x0000000088d00000, 0x0000000088e00000|  0%| F|  |TAMS 0x0000000088d00000, 0x0000000088d00000| Untracked 
|  60|0x0000000088e00000, 0x0000000088e00000, 0x0000000088f00000|  0%| F|  |TAMS 0x0000000088e00000, 0x0000000088e00000| Untracked 
|  61|0x0000000088f00000, 0x0000000088f00000, 0x0000000089000000|  0%| F|  |TAMS 0x0000000088f00000, 0x0000000088f00000| Untracked 
|  62|0x0000000089000000, 0x0000000089000000, 0x0000000089100000|  0%| F|  |TAMS 0x0000000089000000, 0x0000000089000000| Untracked 
|  63|0x0000000089100000, 0x0000000089100000, 0x0000000089200000|  0%| F|  |TAMS 0x0000000089100000, 0x0000000089100000| Untracked 
|  64|0x0000000089200000, 0x0000000089300000, 0x0000000089300000|100%| E|  |TAMS 0x0000000089200000, 0x0000000089200000| Complete 
|  65|0x0000000089300000, 0x0000000089400000, 0x0000000089400000|100%| E|CS|TAMS 0x0000000089300000, 0x0000000089300000| Complete 
|  66|0x0000000089400000, 0x0000000089500000, 0x0000000089500000|100%| E|CS|TAMS 0x0000000089400000, 0x0000000089400000| Complete 
|  67|0x0000000089500000, 0x0000000089600000, 0x0000000089600000|100%| E|CS|TAMS 0x0000000089500000, 0x0000000089500000| Complete 
|  68|0x0000000089600000, 0x0000000089700000, 0x0000000089700000|100%| E|CS|TAMS 0x0000000089600000, 0x0000000089600000| Complete 
|  69|0x0000000089700000, 0x0000000089800000, 0x0000000089800000|100%| E|CS|TAMS 0x0000000089700000, 0x0000000089700000| Complete 
|  70|0x0000000089800000, 0x0000000089900000, 0x0000000089900000|100%| E|CS|TAMS 0x0000000089800000, 0x0000000089800000| Complete 
|  71|0x0000000089900000, 0x0000000089a00000, 0x0000000089a00000|100%| E|CS|TAMS 0x0000000089900000, 0x0000000089900000| Complete 
|  72|0x0000000089a00000, 0x0000000089b00000, 0x0000000089b00000|100%| E|CS|TAMS 0x0000000089a00000, 0x0000000089a00000| Complete 
| 110|0x000000008c000000, 0x000000008c100000, 0x000000008c100000|100%| E|CS|TAMS 0x000000008c000000, 0x000000008c000000| Complete 
| 111|0x000000008c100000, 0x000000008c200000, 0x000000008c200000|100%| E|CS|TAMS 0x000000008c100000, 0x000000008c100000| Complete 
| 112|0x000000008c200000, 0x000000008c300000, 0x000000008c300000|100%| E|CS|TAMS 0x000000008c200000, 0x000000008c200000| Complete 
| 123|0x000000008cd00000, 0x000000008ce00000, 0x000000008ce00000|100%| E|CS|TAMS 0x000000008cd00000, 0x000000008cd00000| Complete 

Card table byte_map: [0x00007fb478250000,0x00007fb478627000] _byte_map_base: 0x00007fb477e27000

Marking Bits (Prev, Next): (CMBitMap*) 0x00007fb48c069e80, (CMBitMap*) 0x00007fb48c069e40
 Prev Bits: [0x00007fb474109000, 0x00007fb475fc1000)
 Next Bits: [0x00007fb475fc1000, 0x00007fb477e79000)

Polling page: 0x00007fb4926f4000

Metaspace:

Usage:
  Non-class:     25,59 MB capacity,    25,39 MB (>99%) used,   174,56 KB ( <1%) free+waste,    31,69 KB ( <1%) overhead. 
      Class:      3,13 MB capacity,     3,03 MB ( 97%) used,    84,71 KB (  3%) free+waste,    10,81 KB ( <1%) overhead. 
       Both:     28,72 MB capacity,    28,43 MB ( 99%) used,   259,27 KB ( <1%) free+waste,    42,50 KB ( <1%) overhead. 

Virtual space:
  Non-class space:       26,00 MB reserved,      25,92 MB (>99%) committed 
      Class space:        1,00 GB reserved,       3,25 MB ( <1%) committed 
             Both:        1,03 GB reserved,      29,17 MB (  3%) committed 

Chunk freelists:
   Non-Class:  336,00 KB
       Class:  29,00 KB
        Both:  365,00 KB

MaxMetaspaceSize: 17179869184,00 GB
CompressedClassSpaceSize: 1,00 GB

CodeHeap 'non-profiled nmethods': size=120032Kb used=800Kb max_used=800Kb free=119231Kb
 bounds [0x00007fb480aa0000, 0x00007fb480d10000, 0x00007fb487fd8000]
CodeHeap 'profiled nmethods': size=120028Kb used=3885Kb max_used=3885Kb free=116142Kb
 bounds [0x00007fb479569000, 0x00007fb479939000, 0x00007fb480aa0000]
CodeHeap 'non-nmethods': size=5700Kb used=1268Kb max_used=1300Kb free=4431Kb
 bounds [0x00007fb478fd8000, 0x00007fb479248000, 0x00007fb479569000]
 total_blobs=2713 nmethods=2162 adapters=464
 compilation: enabled
              stopped_count=0, restarted_count=0
 full_count=0

Compilation events (20 events):
Event: 9,237 Thread 0x00007fb48c198000 nmethod 2167 0x00007fb47992ed90 code [0x00007fb47992f000, 0x00007fb47992fa40]
Event: 9,237 Thread 0x00007fb48c198000 2168       3       jdk.internal.org.objectweb.asm.SymbolTable::addConstantString (8 bytes)
Event: 9,237 Thread 0x00007fb48c198000 nmethod 2168 0x00007fb47992fe90 code [0x00007fb479930020, 0x00007fb479930140]
Event: 9,237 Thread 0x00007fb48c198000 2157       3       jdk.internal.org.objectweb.asm.Type::getTypeInternal (199 bytes)
Event: 9,239 Thread 0x00007fb48c198000 nmethod 2157 0x00007fb479930210 code [0x00007fb479930480, 0x00007fb479931200]
Event: 9,239 Thread 0x00007fb48c198000 2162       3       jdk.internal.org.objectweb.asm.FieldVisitor::<init> (88 bytes)
Event: 9,240 Thread 0x00007fb48c198000 nmethod 2162 0x00007fb479931610 code [0x00007fb479931860, 0x00007fb479932100]
Event: 9,240 Thread 0x00007fb48c198000 2169       3       java.lang.Class::getMethod (59 bytes)
Event: 9,242 Thread 0x00007fb48c198000 nmethod 2169 0x00007fb479932410 code [0x00007fb4799326c0, 0x00007fb4799332a0]
Event: 9,242 Thread 0x00007fb48c198000 2170       3       java.lang.Class::forName (15 bytes)
Event: 9,242 Thread 0x00007fb48c198000 nmethod 2170 0x00007fb479933790 code [0x00007fb479933940, 0x00007fb479933b50]
Event: 9,242 Thread 0x00007fb48c198000 2158       3       jdk.internal.org.objectweb.asm.Frame::getConcreteOutputType (111 bytes)
Event: 9,243 Thread 0x00007fb48c198000 nmethod 2158 0x00007fb479933c90 code [0x00007fb479933e40, 0x00007fb4799341d0]
Event: 9,243 Thread 0x00007fb48c198000 2171       3       java.lang.ClassLoader::getClassLoader (11 bytes)
Event: 9,243 Thread 0x00007fb48c198000 nmethod 2171 0x00007fb479934310 code [0x00007fb4799344a0, 0x00007fb4799345f0]
Event: 9,595 Thread 0x00007fb48c1967c0 nmethod 2160 0x00007fb480b5c890 code [0x00007fb480b5d100, 0x00007fb480b63898]
Event: 9,595 Thread 0x00007fb48c1967c0 2165       4       jdk.internal.org.objectweb.asm.Frame::push (109 bytes)
Event: 9,598 Thread 0x00007fb48c1967c0 nmethod 2165 0x00007fb480b67590 code [0x00007fb480b67720, 0x00007fb480b67998]
Event: 9,598 Thread 0x00007fb48c1967c0 2161       4       jdk.internal.org.objectweb.asm.ByteVector::put12 (64 bytes)
Event: 9,605 Thread 0x00007fb48c1967c0 nmethod 2161 0x00007fb480b67b10 code [0x00007fb480b67ca0, 0x00007fb480b68138]

GC Heap History (10 events):
Event: 0,783 GC heap before
{Heap before GC invocations=0 (full 0):
 garbage-first heap   total 126976K, used 12288K [0x0000000085200000, 0x0000000100000000)
  region size 1024K, 13 young (13312K), 0 survivors (0K)
 Metaspace       used 10241K, capacity 10410K, committed 10496K, reserved 1058816K
  class space    used 942K, capacity 996K, committed 1024K, reserved 1048576K
}
Event: 0,791 GC heap after
{Heap after GC invocations=1 (full 0):
 garbage-first heap   total 126976K, used 3642K [0x0000000085200000, 0x0000000100000000)
  region size 1024K, 2 young (2048K), 2 survivors (2048K)
 Metaspace       used 10241K, capacity 10410K, committed 10496K, reserved 1058816K
  class space    used 942K, capacity 996K, committed 1024K, reserved 1048576K
}
Event: 1,694 GC heap before
{Heap before GC invocations=1 (full 0):
 garbage-first heap   total 126976K, used 16954K [0x0000000085200000, 0x0000000100000000)
  region size 1024K, 16 young (16384K), 2 survivors (2048K)
 Metaspace       used 16787K, capacity 17009K, committed 17408K, reserved 1064960K
  class space    used 1673K, capacity 1720K, committed 1792K, reserved 1048576K
}
Event: 1,702 GC heap after
{Heap after GC invocations=2 (full 0):
 garbage-first heap   total 126976K, used 6240K [0x0000000085200000, 0x0000000100000000)
  region size 1024K, 2 young (2048K), 2 survivors (2048K)
 Metaspace       used 16787K, capacity 17009K, committed 17408K, reserved 1064960K
  class space    used 1673K, capacity 1720K, committed 1792K, reserved 1048576K
}
Event: 2,215 GC heap before
{Heap before GC invocations=2 (full 0):
 garbage-first heap   total 126976K, used 16480K [0x0000000085200000, 0x0000000100000000)
  region size 1024K, 13 young (13312K), 2 survivors (2048K)
 Metaspace       used 20841K, capacity 21001K, committed 21296K, reserved 1069056K
  class space    used 2123K, capacity 2172K, committed 2176K, reserved 1048576K
}
Event: 2,223 GC heap after
{Heap after GC invocations=3 (full 0):
 garbage-first heap   total 126976K, used 7193K [0x0000000085200000, 0x0000000100000000)
  region size 1024K, 3 young (3072K), 3 survivors (3072K)
 Metaspace       used 20841K, capacity 21001K, committed 21296K, reserved 1069056K
  class space    used 2123K, capacity 2172K, committed 2176K, reserved 1048576K
}
Event: 5,082 GC heap before
{Heap before GC invocations=4 (full 0):
 garbage-first heap   total 30720K, used 22553K [0x0000000085200000, 0x0000000100000000)
  region size 1024K, 18 young (18432K), 3 survivors (3072K)
 Metaspace       used 25188K, capacity 25454K, committed 26032K, reserved 1073152K
  class space    used 2720K, capacity 2803K, committed 2816K, reserved 1048576K
}
Event: 5,099 GC heap after
{Heap after GC invocations=5 (full 0):
 garbage-first heap   total 30720K, used 8213K [0x0000000085200000, 0x0000000100000000)
  region size 1024K, 3 young (3072K), 3 survivors (3072K)
 Metaspace       used 25188K, capacity 25454K, committed 26032K, reserved 1073152K
  class space    used 2720K, capacity 2803K, committed 2816K, reserved 1048576K
}
Event: 8,540 GC heap before
{Heap before GC invocations=5 (full 0):
 garbage-first heap   total 30720K, used 18453K [0x0000000085200000, 0x0000000100000000)
  region size 1024K, 14 young (14336K), 3 survivors (3072K)
 Metaspace       used 26174K, capacity 26446K, committed 26928K, reserved 1073152K
  class space    used 2823K, capacity 2876K, committed 2944K, reserved 1048576K
}
Event: 8,545 GC heap after
{Heap after GC invocations=6 (full 0):
 garbage-first heap   total 78848K, used 9133K [0x0000000085200000, 0x0000000100000000)
  region size 1024K, 2 young (2048K), 2 survivors (2048K)
 Metaspace       used 26174K, capacity 26446K, committed 26928K, reserved 1073152K
  class space    used 2823K, capacity 2876K, committed 2944K, reserved 1048576K
}

Deoptimization events (20 events):
Event: 8,743 Thread 0x00007fb48c02bda0 DEOPT PACKING pc=0x00007fb480ad0ab4 sp=0x00007fb49057fd10
Event: 8,743 Thread 0x00007fb48c02bda0 DEOPT UNPACKING pc=0x00007fb479026125 sp=0x00007fb49057fcc0 mode 2
Event: 8,896 Thread 0x00007fb48c02bda0 Uncommon trap: trap_request=0xffffffde fr.pc=0x00007fb480af1954 relative=0x00000000000003b4
Event: 8,896 Thread 0x00007fb48c02bda0 Uncommon trap: reason=class_check action=maybe_recompile pc=0x00007fb480af1954 method=java.util.HashSet.iterator()Ljava/util/Iterator; @ 4 c2
Event: 8,896 Thread 0x00007fb48c02bda0 DEOPT PACKING pc=0x00007fb480af1954 sp=0x00007fb490580970
Event: 8,896 Thread 0x00007fb48c02bda0 DEOPT UNPACKING pc=0x00007fb479026125 sp=0x00007fb490580940 mode 2
Event: 8,957 Thread 0x00007fb48c02bda0 Uncommon trap: trap_request=0xffffff45 fr.pc=0x00007fb480b10868 relative=0x0000000000000808
Event: 8,957 Thread 0x00007fb48c02bda0 Uncommon trap: reason=unstable_if action=reinterpret pc=0x00007fb480b10868 method=java.util.zip.ZipFile$Source.getEntryPos(Ljava/lang/String;Z)I @ 105 c2
Event: 8,957 Thread 0x00007fb48c02bda0 DEOPT PACKING pc=0x00007fb480b10868 sp=0x00007fb4905800e0
Event: 8,957 Thread 0x00007fb48c02bda0 DEOPT UNPACKING pc=0x00007fb479026125 sp=0x00007fb490580088 mode 2
Event: 8,957 Thread 0x00007fb48c02bda0 Uncommon trap: trap_request=0x0000001e fr.pc=0x00007fb480b14ef4 relative=0x0000000000000b74
Event: 8,957 Thread 0x00007fb48c02bda0 Uncommon trap: reason=unloaded action=reinterpret pc=0x00007fb480b14ef4 method=java.util.zip.ZipFile.getZipEntry(Ljava/lang/String;I)Ljava/util/zip/ZipEntry; @ 87 c2
Event: 8,957 Thread 0x00007fb48c02bda0 DEOPT PACKING pc=0x00007fb480b14ef4 sp=0x00007fb490580150
Event: 8,957 Thread 0x00007fb48c02bda0 DEOPT UNPACKING pc=0x00007fb479026125 sp=0x00007fb490580080 mode 2
Event: 9,022 Thread 0x00007fb48c02bda0 DEOPT PACKING pc=0x00007fb479916f38 sp=0x00007fb49057fc70
Event: 9,022 Thread 0x00007fb48c02bda0 DEOPT UNPACKING pc=0x00007fb479025f2b sp=0x00007fb49057f240 mode 0
Event: 9,244 Thread 0x00007fb48c02bda0 Uncommon trap: trap_request=0xffffff45 fr.pc=0x00007fb480b4539c relative=0x000000000000083c
Event: 9,244 Thread 0x00007fb48c02bda0 Uncommon trap: reason=unstable_if action=reinterpret pc=0x00007fb480b4539c method=java.lang.PublicMethods$Key.matches(Ljava/lang/reflect/Method;Ljava/lang/String;[Ljava/lang/Class;)Z @ 22 c2
Event: 9,244 Thread 0x00007fb48c02bda0 DEOPT PACKING pc=0x00007fb480b4539c sp=0x00007fb490580900
Event: 9,244 Thread 0x00007fb48c02bda0 DEOPT UNPACKING pc=0x00007fb479026125 sp=0x00007fb490580850 mode 2

Classes unloaded (0 events):
No events

Classes redefined (0 events):
No events

Internal exceptions (20 events):
Event: 2,560 Thread 0x00007fb48c02bda0 Exception <a 'java/lang/NoSuchMethodError'{0x00000000867e4c70}: 'int java.lang.invoke.DirectMethodHandle$Holder.invokeSpecial(java.lang.Object, java.lang.Object, java.lang.Object)'> (0x00000000867e4c70) 
thrown [open/src/hotspot/share/interpreter/linkResolver.cpp, line 781]
Event: 2,589 Thread 0x00007fb48c02bda0 Exception <a 'java/lang/NoSuchMethodError'{0x000000008669a2b8}: 'void java.lang.invoke.DirectMethodHandle$Holder.invokeSpecial(java.lang.Object, java.lang.Object, java.lang.Object, java.lang.Object, java.lang.Object)'> (0x000000008669a2b8) 
thrown [open/src/hotspot/share/interpreter/linkResolver.cpp, line 781]
Event: 2,606 Thread 0x00007fb48c02bda0 Exception <a 'java/lang/NoSuchMethodError'{0x00000000865092c8}: 'java.lang.Object java.lang.invoke.DirectMethodHandle$Holder.invokeInterface(java.lang.Object, java.lang.Object, java.lang.Object)'> (0x00000000865092c8) 
thrown [open/src/hotspot/share/interpreter/linkResolver.cpp, line 781]
Event: 2,607 Thread 0x00007fb48c02bda0 Exception <a 'java/lang/IncompatibleClassChangeError'{0x000000008650cb60}: Found class java.lang.Object, but interface was expected> (0x000000008650cb60) 
thrown [open/src/hotspot/share/interpreter/linkResolver.cpp, line 848]
Event: 2,609 Thread 0x00007fb48c02bda0 Exception <a 'java/lang/NoSuchMethodError'{0x0000000086515b60}: 'int java.lang.invoke.DirectMethodHandle$Holder.invokeSpecialIFC(java.lang.Object, java.lang.Object, java.lang.Object, java.lang.Object)'> (0x0000000086515b60) 
thrown [open/src/hotspot/share/interpreter/linkResolver.cpp, line 781]
Event: 2,612 Thread 0x00007fb48c02bda0 Exception <a 'java/lang/NoSuchMethodError'{0x000000008651e280}: 'java.lang.Object java.lang.invoke.DirectMethodHandle$Holder.invokeInterface(java.lang.Object, java.lang.Object, java.lang.Object, java.lang.Object)'> (0x000000008651e280) 
thrown [open/src/hotspot/share/interpreter/linkResolver.cpp, line 781]
Event: 2,638 Thread 0x00007fb48c02bda0 Exception <a 'java/lang/NoSuchMethodError'{0x00000000865bb0b0}: 'void java.lang.invoke.DirectMethodHandle$Holder.invokeInterface(java.lang.Object, java.lang.Object, java.lang.Object)'> (0x00000000865bb0b0) 
thrown [open/src/hotspot/share/interpreter/linkResolver.cpp, line 781]
Event: 2,669 Thread 0x00007fb48c02bda0 Exception <a 'java/lang/NoSuchMethodError'{0x000000008648a8f0}: 'java.lang.Object java.lang.invoke.DirectMethodHandle$Holder.newInvokeSpecial(java.lang.Object, java.lang.Object, java.lang.Object, java.lang.Object, java.lang.Object)'> (0x000000008648a8f0) 
thrown [open/src/hotspot/share/interpreter/linkResolver.cpp, line 781]
Event: 2,715 Thread 0x00007fb48c02bda0 Exception <a 'java/lang/NoSuchMethodError'{0x00000000863a7ce8}: 'java.lang.Object java.lang.invoke.Invokers$Holder.invokeExact_MT(java.lang.Object, java.lang.Object, java.lang.Object, java.lang.Object, java.lang.Object, java.lang.Object)'> (0x00000000863a7ce8) 
thrown [open/src/hotspot/share/interpreter/linkResolver.cpp, line 781]
Event: 2,823 Thread 0x00007fb48c02bda0 Exception <a 'java/lang/NoSuchMethodError'{0x0000000085f08540}: 'void java.lang.invoke.DirectMethodHandle$Holder.invokeStatic(java.lang.Object, java.lang.Object, java.lang.Object, java.lang.Object)'> (0x0000000085f08540) 
thrown [open/src/hotspot/share/interpreter/linkResolver.cpp, line 781]
Event: 5,119 Thread 0x00007fb48c02bda0 Exception <a 'java/lang/NoSuchMethodError'{0x000000008cd3eee8}: 'java.lang.Object java.lang.invoke.DirectMethodHandle$Holder.invokeStatic(java.lang.Object, int, java.lang.Object)'> (0x000000008cd3eee8) 
thrown [open/src/hotspot/share/interpreter/linkResolver.cpp, line 781]
Event: 5,142 Thread 0x00007fb48c02bda0 Exception <a 'java/lang/ClassNotFoundException'{0x000000008cd7e198}: sun/util/logging/resources/spi/loggingProvider> (0x000000008cd7e198) 
thrown [open/src/hotspot/share/classfile/systemDictionary.cpp, line 295]
Event: 8,579 Thread 0x00007fb48c02bda0 Exception <a 'java/lang/NoSuchMethodError'{0x0000000089a01ce8}: 'java.lang.Object java.lang.invoke.Invokers$Holder.invoke_MT(java.lang.Object, java.lang.Object, java.lang.Object)'> (0x0000000089a01ce8) 
thrown [open/src/hotspot/share/interpreter/linkResolver.cpp, line 781]
Event: 8,637 Thread 0x00007fb48c02bda0 Exception <a 'java/lang/ClassNotFoundException'{0x00000000899a6558}: javax/smartcardio/CardPermission> (0x00000000899a6558) 
thrown [open/src/hotspot/share/classfile/systemDictionary.cpp, line 295]
Event: 8,642 Thread 0x00007fb48c02bda0 Exception <a 'java/io/FileNotFoundException'{0x00000000899b3c90}> (0x00000000899b3c90) 
thrown [open/src/hotspot/share/prims/jni.cpp, line 578]
Event: 8,759 Thread 0x00007fb48c02bda0 Exception <a 'java/lang/ClassNotFoundException'{0x0000000089745660}: sun/awt/resources/spi/awtProvider> (0x0000000089745660) 
thrown [open/src/hotspot/share/classfile/systemDictionary.cpp, line 295]
Event: 8,877 Thread 0x00007fb48c02bda0 Exception <a 'java/io/FileNotFoundException'{0x000000008974da80}> (0x000000008974da80) 
thrown [open/src/hotspot/share/prims/jni.cpp, line 578]
Event: 8,877 Thread 0x00007fb48c02bda0 Exception <a 'java/io/FileNotFoundException'{0x000000008974f1e0}> (0x000000008974f1e0) 
thrown [open/src/hotspot/share/prims/jni.cpp, line 578]
Event: 9,023 Thread 0x00007fb48c02bda0 Exception <a 'java/lang/UnsatisfiedLinkError'{0x00000000894505f0}: libtesseract.so: cannot open shared object file: No such file or directory> (0x00000000894505f0) 
thrown [open/src/hotspot/share/prims/jni.cpp, line 599]
Event: 9,023 Thread 0x00007fb48c02bda0 Exception <a 'java/lang/UnsatisfiedLinkError'{0x0000000089451d58}: libtesseract.so: cannot open shared object file: No such file or directory> (0x0000000089451d58) 
thrown [open/src/hotspot/share/prims/jni.cpp, line 599]

Events (20 events):
Event: 8,965 loading class java/nio/charset/UnsupportedCharsetException done
Event: 8,987 Loaded shared library /home/jl/.cache/JNA/temp/jna17921532697036523129.tmp
Event: 8,987 loading class java/nio/ShortBuffer
Event: 8,987 loading class java/nio/ShortBuffer done
Event: 8,987 loading class java/nio/FloatBuffer
Event: 8,988 loading class java/nio/FloatBuffer done
Event: 8,988 loading class java/nio/DoubleBuffer
Event: 8,988 loading class java/nio/DoubleBuffer done
Event: 8,995 Executing VM operation: HandshakeAllThreads
Event: 8,995 Executing VM operation: HandshakeAllThreads done
Event: 9,006 Thread 0x00007fb48caa8860 Thread added: 0x00007fb48caa8860
Event: 9,007 Protecting memory [0x00007fb46c018000,0x00007fb46c01c000] with protection modes 0
Event: 9,015 loading class java/lang/ProcessBuilder$NullInputStream
Event: 9,015 loading class java/lang/ProcessBuilder$NullInputStream done
Event: 9,016 loading class java/lang/ProcessBuilder$NullOutputStream
Event: 9,016 loading class java/lang/ProcessBuilder$NullOutputStream done
Event: 9,243 loading class java/lang/reflect/AnnotatedType
Event: 9,243 loading class java/lang/reflect/AnnotatedType done
Event: 9,244 loading class java/lang/TypeNotPresentException
Event: 9,244 loading class java/lang/TypeNotPresentException done


Dynamic libraries:
85200000-89b00000 rw-p 00000000 00:00 0 
89b00000-8c000000 ---p 00000000 00:00 0 
8c000000-8c300000 rw-p 00000000 00:00 0 
8c300000-8cd00000 ---p 00000000 00:00 0 
8cd00000-8ce00000 rw-p 00000000 00:00 0 
8ce00000-100000000 ---p 00000000 00:00 0 
100000000-100340000 rw-p 00000000 00:00 0 
100340000-140000000 ---p 00000000 00:00 0 
55f02d4de000-55f02d4df000 r-xp 00000000 08:02 2230402                    /home/jl/Documents/ACL/sts-4.9.0.RELEASE/plugins/org.eclipse.justj.openjdk.hotspot.jre.full.linux.x86_64_15.0.1.v20201027-0507/jre/bin/java
55f02d4e0000-55f02d4e1000 r--p 00001000 08:02 2230402                    /home/jl/Documents/ACL/sts-4.9.0.RELEASE/plugins/org.eclipse.justj.openjdk.hotspot.jre.full.linux.x86_64_15.0.1.v20201027-0507/jre/bin/java
55f02d4e1000-55f02d4e2000 rw-p 00002000 08:02 2230402                    /home/jl/Documents/ACL/sts-4.9.0.RELEASE/plugins/org.eclipse.justj.openjdk.hotspot.jre.full.linux.x86_64_15.0.1.v20201027-0507/jre/bin/java
55f02ec96000-55f02ece0000 rw-p 00000000 00:00 0                          [heap]
7fb3ecfb5000-7fb3ed33c000 rw-p 00000000 00:00 0 
7fb3f0000000-7fb3f0021000 rw-p 00000000 00:00 0 
7fb3f0021000-7fb3f4000000 ---p 00000000 00:00 0 
7fb3f4253000-7fb3f51b1000 rw-p 00000000 00:00 0 
7fb3f51b1000-7fb3f51bc000 r-xp 00000000 08:02 14953242                   /usr/lib/x86_64-linux-gnu/libjbig.so.0
7fb3f51bc000-7fb3f53bb000 ---p 0000b000 08:02 14953242                   /usr/lib/x86_64-linux-gnu/libjbig.so.0
7fb3f53bb000-7fb3f53bc000 r--p 0000a000 08:02 14953242                   /usr/lib/x86_64-linux-gnu/libjbig.so.0
7fb3f53bc000-7fb3f53bf000 rw-p 0000b000 08:02 14953242                   /usr/lib/x86_64-linux-gnu/libjbig.so.0
7fb3f53bf000-7fb3f53e3000 r-xp 00000000 08:02 10490961                   /lib/x86_64-linux-gnu/liblzma.so.5.2.2
7fb3f53e3000-7fb3f55e3000 ---p 00024000 08:02 10490961                   /lib/x86_64-linux-gnu/liblzma.so.5.2.2
7fb3f55e3000-7fb3f55e4000 r--p 00024000 08:02 10490961                   /lib/x86_64-linux-gnu/liblzma.so.5.2.2
7fb3f55e4000-7fb3f55e5000 rw-p 00025000 08:02 10490961                   /lib/x86_64-linux-gnu/liblzma.so.5.2.2
7fb3f55e5000-7fb3f5639000 r-xp 00000000 08:02 14953596                   /usr/lib/x86_64-linux-gnu/libopenjp2.so.2.3.0
7fb3f5639000-7fb3f5839000 ---p 00054000 08:02 14953596                   /usr/lib/x86_64-linux-gnu/libopenjp2.so.2.3.0
7fb3f5839000-7fb3f583a000 r--p 00054000 08:02 14953596                   /usr/lib/x86_64-linux-gnu/libopenjp2.so.2.3.0
7fb3f583a000-7fb3f583b000 rw-p 00055000 08:02 14953596                   /usr/lib/x86_64-linux-gnu/libopenjp2.so.2.3.0
7fb3f583b000-7fb3f58a1000 r-xp 00000000 08:02 14954155                   /usr/lib/x86_64-linux-gnu/libwebp.so.6.0.2
7fb3f58a1000-7fb3f5aa0000 ---p 00066000 08:02 14954155                   /usr/lib/x86_64-linux-gnu/libwebp.so.6.0.2
7fb3f5aa0000-7fb3f5aa1000 r--p 00065000 08:02 14954155                   /usr/lib/x86_64-linux-gnu/libwebp.so.6.0.2
7fb3f5aa1000-7fb3f5aa2000 rw-p 00066000 08:02 14954155                   /usr/lib/x86_64-linux-gnu/libwebp.so.6.0.2
7fb3f5aa2000-7fb3f5aa4000 rw-p 00000000 00:00 0 
7fb3f5aa4000-7fb3f5b17000 r-xp 00000000 08:02 14954016                   /usr/lib/x86_64-linux-gnu/libtiff.so.5.3.0
7fb3f5b17000-7fb3f5d16000 ---p 00073000 08:02 14954016                   /usr/lib/x86_64-linux-gnu/libtiff.so.5.3.0
7fb3f5d16000-7fb3f5d1a000 r--p 00072000 08:02 14954016                   /usr/lib/x86_64-linux-gnu/libtiff.so.5.3.0
7fb3f5d1a000-7fb3f5d1b000 rw-p 00076000 08:02 14954016                   /usr/lib/x86_64-linux-gnu/libtiff.so.5.3.0
7fb3f5d1b000-7fb3f5d23000 r-xp 00000000 08:02 14952905                   /usr/lib/x86_64-linux-gnu/libgif.so.7.0.0
7fb3f5d23000-7fb3f5f22000 ---p 00008000 08:02 14952905                   /usr/lib/x86_64-linux-gnu/libgif.so.7.0.0
7fb3f5f22000-7fb3f5f23000 r--p 00007000 08:02 14952905                   /usr/lib/x86_64-linux-gnu/libgif.so.7.0.0
7fb3f5f23000-7fb3f5f24000 rw-p 00008000 08:02 14952905                   /usr/lib/x86_64-linux-gnu/libgif.so.7.0.0
7fb3f5f24000-7fb3f5f8b000 r-xp 00000000 08:02 14953247                   /usr/lib/x86_64-linux-gnu/libjpeg.so.8.1.2
7fb3f5f8b000-7fb3f618a000 ---p 00067000 08:02 14953247                   /usr/lib/x86_64-linux-gnu/libjpeg.so.8.1.2
7fb3f618a000-7fb3f618b000 r--p 00066000 08:02 14953247                   /usr/lib/x86_64-linux-gnu/libjpeg.so.8.1.2
7fb3f618b000-7fb3f618c000 rw-p 00067000 08:02 14953247                   /usr/lib/x86_64-linux-gnu/libjpeg.so.8.1.2
7fb3f618c000-7fb3f61bd000 r-xp 00000000 08:02 14953690                   /usr/lib/x86_64-linux-gnu/libpng16.so.16.34.0
7fb3f61bd000-7fb3f63bc000 ---p 00031000 08:02 14953690                   /usr/lib/x86_64-linux-gnu/libpng16.so.16.34.0
7fb3f63bc000-7fb3f63bd000 r--p 00030000 08:02 14953690                   /usr/lib/x86_64-linux-gnu/libpng16.so.16.34.0
7fb3f63bd000-7fb3f63be000 rw-p 00031000 08:02 14953690                   /usr/lib/x86_64-linux-gnu/libpng16.so.16.34.0
7fb3f63be000-7fb3f63ec000 r-xp 00000000 08:02 14952976                   /usr/lib/x86_64-linux-gnu/libgomp.so.1.0.0
7fb3f63ec000-7fb3f65eb000 ---p 0002e000 08:02 14952976                   /usr/lib/x86_64-linux-gnu/libgomp.so.1.0.0
7fb3f65eb000-7fb3f65ec000 r--p 0002d000 08:02 14952976                   /usr/lib/x86_64-linux-gnu/libgomp.so.1.0.0
7fb3f65ec000-7fb3f65ed000 rw-p 0002e000 08:02 14952976                   /usr/lib/x86_64-linux-gnu/libgomp.so.1.0.0
7fb3f65ed000-7fb3f6604000 r-xp 00000000 08:02 10490938                   /lib/x86_64-linux-gnu/libgcc_s.so.1
7fb3f6604000-7fb3f6803000 ---p 00017000 08:02 10490938                   /lib/x86_64-linux-gnu/libgcc_s.so.1
7fb3f6803000-7fb3f6804000 r--p 00016000 08:02 10490938                   /lib/x86_64-linux-gnu/libgcc_s.so.1
7fb3f6804000-7fb3f6805000 rw-p 00017000 08:02 10490938                   /lib/x86_64-linux-gnu/libgcc_s.so.1
7fb3f6805000-7fb3f697e000 r-xp 00000000 08:02 14953955                   /usr/lib/x86_64-linux-gnu/libstdc++.so.6.0.25
7fb3f697e000-7fb3f6b7e000 ---p 00179000 08:02 14953955                   /usr/lib/x86_64-linux-gnu/libstdc++.so.6.0.25
7fb3f6b7e000-7fb3f6b88000 r--p 00179000 08:02 14953955                   /usr/lib/x86_64-linux-gnu/libstdc++.so.6.0.25
7fb3f6b88000-7fb3f6b8a000 rw-p 00183000 08:02 14953955                   /usr/lib/x86_64-linux-gnu/libstdc++.so.6.0.25
7fb3f6b8a000-7fb3f6b8e000 rw-p 00000000 00:00 0 
7fb3f6b8e000-7fb3f6dea000 r-xp 00000000 08:02 14946270                   /usr/lib/x86_64-linux-gnu/liblept.so.5.0.2
7fb3f6dea000-7fb3f6fe9000 ---p 0025c000 08:02 14946270                   /usr/lib/x86_64-linux-gnu/liblept.so.5.0.2
7fb3f6fe9000-7fb3f6fea000 r--p 0025b000 08:02 14946270                   /usr/lib/x86_64-linux-gnu/liblept.so.5.0.2
7fb3f6fea000-7fb3f6ff0000 rw-p 0025c000 08:02 14946270                   /usr/lib/x86_64-linux-gnu/liblept.so.5.0.2
7fb3f7012000-7fb3f731f000 r-xp 00000000 08:02 14946272                   /usr/lib/x86_64-linux-gnu/libtesseract.so.4.0.0
7fb3f731f000-7fb3f751e000 ---p 0030d000 08:02 14946272                   /usr/lib/x86_64-linux-gnu/libtesseract.so.4.0.0
7fb3f751e000-7fb3f7523000 r--p 0030c000 08:02 14946272                   /usr/lib/x86_64-linux-gnu/libtesseract.so.4.0.0
7fb3f7523000-7fb3f7524000 rw-p 00311000 08:02 14946272                   /usr/lib/x86_64-linux-gnu/libtesseract.so.4.0.0
7fb3f7524000-7fb3f77c8000 rw-p 00000000 00:00 0 
7fb3f77c8000-7fb3f77e0000 r-xp 00000000 08:02 1970804                    /home/jl/.cache/JNA/temp/jna17921532697036523129.tmp (deleted)
7fb3f77e0000-7fb3f79e0000 ---p 00018000 08:02 1970804                    /home/jl/.cache/JNA/temp/jna17921532697036523129.tmp (deleted)
7fb3f79e0000-7fb3f79e1000 rw-p 00018000 08:02 1970804                    /home/jl/.cache/JNA/temp/jna17921532697036523129.tmp (deleted)
7fb3f79e1000-7fb3f79f4000 r-xp 00000000 08:02 10490899                   /lib/x86_64-linux-gnu/libbsd.so.0.8.7
7fb3f79f4000-7fb3f7bf3000 ---p 00013000 08:02 10490899                   /lib/x86_64-linux-gnu/libbsd.so.0.8.7
7fb3f7bf3000-7fb3f7bf4000 r--p 00012000 08:02 10490899                   /lib/x86_64-linux-gnu/libbsd.so.0.8.7
7fb3f7bf4000-7fb3f7bf5000 rw-p 00013000 08:02 10490899                   /lib/x86_64-linux-gnu/libbsd.so.0.8.7
7fb3f7bf5000-7fb3f7bf6000 rw-p 00000000 00:00 0 
7fb3f7bf6000-7fb3f7bfb000 r-xp 00000000 08:02 14952232                   /usr/lib/x86_64-linux-gnu/libXdmcp.so.6.0.0
7fb3f7bfb000-7fb3f7dfa000 ---p 00005000 08:02 14952232                   /usr/lib/x86_64-linux-gnu/libXdmcp.so.6.0.0
7fb3f7dfa000-7fb3f7dfb000 r--p 00004000 08:02 14952232                   /usr/lib/x86_64-linux-gnu/libXdmcp.so.6.0.0
7fb3f7dfb000-7fb3f7dfc000 rw-p 00005000 08:02 14952232                   /usr/lib/x86_64-linux-gnu/libXdmcp.so.6.0.0
7fb3f7dfc000-7fb3f7dfe000 r-xp 00000000 08:02 14952221                   /usr/lib/x86_64-linux-gnu/libXau.so.6.0.0
7fb3f7dfe000-7fb3f7ffe000 ---p 00002000 08:02 14952221                   /usr/lib/x86_64-linux-gnu/libXau.so.6.0.0
7fb3f7ffe000-7fb3f7fff000 r--p 00002000 08:02 14952221                   /usr/lib/x86_64-linux-gnu/libXau.so.6.0.0
7fb3f7fff000-7fb3f8000000 rw-p 00003000 08:02 14952221                   /usr/lib/x86_64-linux-gnu/libXau.so.6.0.0
7fb3f8000000-7fb3f8021000 rw-p 00000000 00:00 0 
7fb3f8021000-7fb3fc000000 ---p 00000000 00:00 0 
7fb3fc000000-7fb3fc021000 rw-p 00000000 00:00 0 
7fb3fc021000-7fb400000000 ---p 00000000 00:00 0 
7fb400000000-7fb400021000 rw-p 00000000 00:00 0 
7fb400021000-7fb404000000 ---p 00000000 00:00 0 
7fb404000000-7fb404021000 rw-p 00000000 00:00 0 
7fb404021000-7fb408000000 ---p 00000000 00:00 0 
7fb408000000-7fb408021000 rw-p 00000000 00:00 0 
7fb408021000-7fb40c000000 ---p 00000000 00:00 0 
7fb40c000000-7fb40c021000 rw-p 00000000 00:00 0 
7fb40c021000-7fb410000000 ---p 00000000 00:00 0 
7fb410000000-7fb410021000 rw-p 00000000 00:00 0 
7fb410021000-7fb414000000 ---p 00000000 00:00 0 
7fb414000000-7fb41402d000 rw-p 00000000 00:00 0 
7fb41402d000-7fb418000000 ---p 00000000 00:00 0 
7fb418000000-7fb418021000 rw-p 00000000 00:00 0 
7fb418021000-7fb41c000000 ---p 00000000 00:00 0 
7fb41c000000-7fb41c048000 rw-p 00000000 00:00 0 
7fb41c048000-7fb420000000 ---p 00000000 00:00 0 
7fb420000000-7fb420021000 rw-p 00000000 00:00 0 
7fb420021000-7fb424000000 ---p 00000000 00:00 0 
7fb424000000-7fb424021000 rw-p 00000000 00:00 0 
7fb424021000-7fb428000000 ---p 00000000 00:00 0 
7fb428000000-7fb428021000 rw-p 00000000 00:00 0 
7fb428021000-7fb42c000000 ---p 00000000 00:00 0 
7fb42c000000-7fb42c021000 rw-p 00000000 00:00 0 
7fb42c021000-7fb430000000 ---p 00000000 00:00 0 
7fb430000000-7fb430021000 rw-p 00000000 00:00 0 
7fb430021000-7fb434000000 ---p 00000000 00:00 0 
7fb434000000-7fb434021000 rw-p 00000000 00:00 0 
7fb434021000-7fb438000000 ---p 00000000 00:00 0 
7fb438000000-7fb43831e000 rw-p 00000000 00:00 0 
7fb43831e000-7fb43c000000 ---p 00000000 00:00 0 
7fb43c000000-7fb43c021000 rw-p 00000000 00:00 0 
7fb43c021000-7fb440000000 ---p 00000000 00:00 0 
7fb440000000-7fb440021000 rw-p 00000000 00:00 0 
7fb440021000-7fb444000000 ---p 00000000 00:00 0 
7fb444000000-7fb4455a9000 rw-p 00000000 00:00 0 
7fb4455a9000-7fb448000000 ---p 00000000 00:00 0 
7fb448000000-7fb448021000 rw-p 00000000 00:00 0 
7fb448021000-7fb44c000000 ---p 00000000 00:00 0 
7fb44c002000-7fb44c006000 ---p 00000000 00:00 0 
7fb44c006000-7fb44c103000 rw-p 00000000 00:00 0 
7fb44c103000-7fb44c129000 r-xp 00000000 08:02 14954256                   /usr/lib/x86_64-linux-gnu/libxcb.so.1.1.0
7fb44c129000-7fb44c329000 ---p 00026000 08:02 14954256                   /usr/lib/x86_64-linux-gnu/libxcb.so.1.1.0
7fb44c329000-7fb44c32a000 r--p 00026000 08:02 14954256                   /usr/lib/x86_64-linux-gnu/libxcb.so.1.1.0
7fb44c32a000-7fb44c32b000 rw-p 00027000 08:02 14954256                   /usr/lib/x86_64-linux-gnu/libxcb.so.1.1.0
7fb44c32b000-7fb44c33a000 r-xp 00000000 08:02 14952242                   /usr/lib/x86_64-linux-gnu/libXi.so.6.1.0
7fb44c33a000-7fb44c539000 ---p 0000f000 08:02 14952242                   /usr/lib/x86_64-linux-gnu/libXi.so.6.1.0
7fb44c539000-7fb44c53a000 r--p 0000e000 08:02 14952242                   /usr/lib/x86_64-linux-gnu/libXi.so.6.1.0
7fb44c53a000-7fb44c53b000 rw-p 0000f000 08:02 14952242                   /usr/lib/x86_64-linux-gnu/libXi.so.6.1.0
7fb44c53b000-7fb44c540000 r-xp 00000000 08:02 14952260                   /usr/lib/x86_64-linux-gnu/libXtst.so.6.1.0
7fb44c540000-7fb44c73f000 ---p 00005000 08:02 14952260                   /usr/lib/x86_64-linux-gnu/libXtst.so.6.1.0
7fb44c73f000-7fb44c740000 r--p 00004000 08:02 14952260                   /usr/lib/x86_64-linux-gnu/libXtst.so.6.1.0
7fb44c740000-7fb44c741000 rw-p 00005000 08:02 14952260                   /usr/lib/x86_64-linux-gnu/libXtst.so.6.1.0
7fb44c741000-7fb44c74a000 r-xp 00000000 08:02 14952254                   /usr/lib/x86_64-linux-gnu/libXrender.so.1.3.0
7fb44c74a000-7fb44c949000 ---p 00009000 08:02 14952254                   /usr/lib/x86_64-linux-gnu/libXrender.so.1.3.0
7fb44c949000-7fb44c94a000 r--p 00008000 08:02 14952254                   /usr/lib/x86_64-linux-gnu/libXrender.so.1.3.0
7fb44c94a000-7fb44c94b000 rw-p 00009000 08:02 14952254                   /usr/lib/x86_64-linux-gnu/libXrender.so.1.3.0
7fb44c94b000-7fb44ca7e000 r-xp 00000000 08:02 14952217                   /usr/lib/x86_64-linux-gnu/libX11.so.6.3.0
7fb44ca7e000-7fb44cc7e000 ---p 00133000 08:02 14952217                   /usr/lib/x86_64-linux-gnu/libX11.so.6.3.0
7fb44cc7e000-7fb44cc7f000 r--p 00133000 08:02 14952217                   /usr/lib/x86_64-linux-gnu/libX11.so.6.3.0
7fb44cc7f000-7fb44cc83000 rw-p 00134000 08:02 14952217                   /usr/lib/x86_64-linux-gnu/libX11.so.6.3.0
7fb44cc83000-7fb44cc94000 r-xp 00000000 08:02 14952234                   /usr/lib/x86_64-linux-gnu/libXext.so.6.4.0
7fb44cc94000-7fb44ce93000 ---p 00011000 08:02 14952234                   /usr/lib/x86_64-linux-gnu/libXext.so.6.4.0
7fb44ce93000-7fb44ce94000 r--p 00010000 08:02 14952234                   /usr/lib/x86_64-linux-gnu/libXext.so.6.4.0
7fb44ce94000-7fb44ce95000 rw-p 00011000 08:02 14952234                   /usr/lib/x86_64-linux-gnu/libXext.so.6.4.0
7fb44ce95000-7fb44cef0000 r-xp 00000000 08:02 2230475                    /home/jl/Documents/ACL/sts-4.9.0.RELEASE/plugins/org.eclipse.justj.openjdk.hotspot.jre.full.linux.x86_64_15.0.1.v20201027-0507/jre/lib/libawt_xawt.so
7fb44cef0000-7fb44cef1000 ---p 0005b000 08:02 2230475                    /home/jl/Documents/ACL/sts-4.9.0.RELEASE/plugins/org.eclipse.justj.openjdk.hotspot.jre.full.linux.x86_64_15.0.1.v20201027-0507/jre/lib/libawt_xawt.so
7fb44cef1000-7fb44cef2000 r--p 0005b000 08:02 2230475                    /home/jl/Documents/ACL/sts-4.9.0.RELEASE/plugins/org.eclipse.justj.openjdk.hotspot.jre.full.linux.x86_64_15.0.1.v20201027-0507/jre/lib/libawt_xawt.so
7fb44cef2000-7fb44cef4000 rw-p 0005c000 08:02 2230475                    /home/jl/Documents/ACL/sts-4.9.0.RELEASE/plugins/org.eclipse.justj.openjdk.hotspot.jre.full.linux.x86_64_15.0.1.v20201027-0507/jre/lib/libawt_xawt.so
7fb44cef4000-7fb44cef6000 rw-p 00000000 00:00 0 
7fb44cef6000-7fb44cf9d000 r-xp 00000000 08:02 2230459                    /home/jl/Documents/ACL/sts-4.9.0.RELEASE/plugins/org.eclipse.justj.openjdk.hotspot.jre.full.linux.x86_64_15.0.1.v20201027-0507/jre/lib/libawt.so
7fb44cf9d000-7fb44cf9e000 ---p 000a7000 08:02 2230459                    /home/jl/Documents/ACL/sts-4.9.0.RELEASE/plugins/org.eclipse.justj.openjdk.hotspot.jre.full.linux.x86_64_15.0.1.v20201027-0507/jre/lib/libawt.so
7fb44cf9e000-7fb44cfa0000 r--p 000a7000 08:02 2230459                    /home/jl/Documents/ACL/sts-4.9.0.RELEASE/plugins/org.eclipse.justj.openjdk.hotspot.jre.full.linux.x86_64_15.0.1.v20201027-0507/jre/lib/libawt.so
7fb44cfa0000-7fb44cfab000 rw-p 000a9000 08:02 2230459                    /home/jl/Documents/ACL/sts-4.9.0.RELEASE/plugins/org.eclipse.justj.openjdk.hotspot.jre.full.linux.x86_64_15.0.1.v20201027-0507/jre/lib/libawt.so
7fb44cfab000-7fb44d1d0000 rw-p 00000000 00:00 0 
7fb44d1d2000-7fb44d1d6000 ---p 00000000 00:00 0 
7fb44d1d6000-7fb44d2d3000 rw-p 00000000 00:00 0 
7fb44d2d3000-7fb44d2d7000 ---p 00000000 00:00 0 
7fb44d2d7000-7fb44d5d4000 rw-p 00000000 00:00 0 
7fb44d5d4000-7fb44d7d4000 rw-p 00000000 00:00 0 
7fb44d7d4000-7fb44d7d8000 ---p 00000000 00:00 0 
7fb44d7d8000-7fb44d8d5000 rw-p 00000000 00:00 0 
7fb44d8d5000-7fb44d8d9000 ---p 00000000 00:00 0 
7fb44d8d9000-7fb44d9d6000 rw-p 00000000 00:00 0 
7fb44d9d6000-7fb44d9da000 ---p 00000000 00:00 0 
7fb44d9da000-7fb44dad7000 rw-p 00000000 00:00 0 
7fb44dad7000-7fb44dadb000 ---p 00000000 00:00 0 
7fb44dadb000-7fb44ddc4000 rw-p 00000000 00:00 0 
7fb44ddc4000-7fb44ddd8000 ---p 00000000 00:00 0 
7fb44ddd8000-7fb44dfd8000 rw-p 00000000 00:00 0 
7fb44dfdb000-7fb44dfdf000 ---p 00000000 00:00 0 
7fb44dfdf000-7fb44e2dc000 rw-p 00000000 00:00 0 
7fb44e2dd000-7fb44e2f3000 r-xp 00000000 08:02 10491040                   /lib/x86_64-linux-gnu/libresolv-2.28.so
7fb44e2f3000-7fb44e4f3000 ---p 00016000 08:02 10491040                   /lib/x86_64-linux-gnu/libresolv-2.28.so
7fb44e4f3000-7fb44e4f4000 r--p 00016000 08:02 10491040                   /lib/x86_64-linux-gnu/libresolv-2.28.so
7fb44e4f4000-7fb44e4f5000 rw-p 00017000 08:02 10491040                   /lib/x86_64-linux-gnu/libresolv-2.28.so
7fb44e4f5000-7fb44e4f7000 rw-p 00000000 00:00 0 
7fb44e4f7000-7fb44e4fc000 r-xp 00000000 08:02 10490989                   /lib/x86_64-linux-gnu/libnss_dns-2.28.so
7fb44e4fc000-7fb44e6fb000 ---p 00005000 08:02 10490989                   /lib/x86_64-linux-gnu/libnss_dns-2.28.so
7fb44e6fb000-7fb44e6fc000 r--p 00004000 08:02 10490989                   /lib/x86_64-linux-gnu/libnss_dns-2.28.so
7fb44e6fc000-7fb44e6fd000 rw-p 00005000 08:02 10490989                   /lib/x86_64-linux-gnu/libnss_dns-2.28.so
7fb44e6fd000-7fb44e6ff000 r-xp 00000000 08:02 10490997                   /lib/x86_64-linux-gnu/libnss_mdns4_minimal.so.2
7fb44e6ff000-7fb44e8fe000 ---p 00002000 08:02 10490997                   /lib/x86_64-linux-gnu/libnss_mdns4_minimal.so.2
7fb44e8fe000-7fb44e8ff000 r--p 00001000 08:02 10490997                   /lib/x86_64-linux-gnu/libnss_mdns4_minimal.so.2
7fb44e8ff000-7fb44e900000 rw-p 00002000 08:02 10490997                   /lib/x86_64-linux-gnu/libnss_mdns4_minimal.so.2
7fb44e900000-7fb44eb00000 rw-p 00000000 00:00 0 
7fb44eb03000-7fb44eb07000 ---p 00000000 00:00 0 
7fb44eb07000-7fb44ee04000 rw-p 00000000 00:00 0 
7fb44ee04000-7fb44ee05000 ---p 00000000 00:00 0 
7fb44ee05000-7fb44ef06000 rw-p 00000000 00:00 0 
7fb44ef06000-7fb44ef07000 ---p 00000000 00:00 0 
7fb44ef07000-7fb44f008000 rw-p 00000000 00:00 0 
7fb44f008000-7fb44f009000 ---p 00000000 00:00 0 
7fb44f009000-7fb44f10a000 rw-p 00000000 00:00 0 
7fb44f10a000-7fb450000000 r--p 00000000 08:02 14950896                   /usr/lib/locale/locale-archive
7fb450000000-7fb450021000 rw-p 00000000 00:00 0 
7fb450021000-7fb454000000 ---p 00000000 00:00 0 
7fb454000000-7fb454021000 rw-p 00000000 00:00 0 
7fb454021000-7fb458000000 ---p 00000000 00:00 0 
7fb458000000-7fb458021000 rw-p 00000000 00:00 0 
7fb458021000-7fb45c000000 ---p 00000000 00:00 0 
7fb45c000000-7fb45c021000 rw-p 00000000 00:00 0 
7fb45c021000-7fb460000000 ---p 00000000 00:00 0 
7fb460000000-7fb460021000 rw-p 00000000 00:00 0 
7fb460021000-7fb464000000 ---p 00000000 00:00 0 
7fb464000000-7fb464021000 rw-p 00000000 00:00 0 
7fb464021000-7fb468000000 ---p 00000000 00:00 0 
7fb468000000-7fb468021000 rw-p 00000000 00:00 0 
7fb468021000-7fb46c000000 ---p 00000000 00:00 0 
7fb46c018000-7fb46c01c000 ---p 00000000 00:00 0 
7fb46c01c000-7fb46c03a000 rw-p 00000000 00:00 0 
7fb46c03a000-7fb46c03e000 ---p 00000000 00:00 0 
7fb46c03e000-7fb46c05c000 rw-p 00000000 00:00 0 
7fb46c05c000-7fb46c069000 r-xp 00000000 08:02 2230434                    /home/jl/Documents/ACL/sts-4.9.0.RELEASE/plugins/org.eclipse.justj.openjdk.hotspot.jre.full.linux.x86_64_15.0.1.v20201027-0507/jre/lib/libverify.so
7fb46c069000-7fb46c06b000 r--p 0000c000 08:02 2230434                    /home/jl/Documents/ACL/sts-4.9.0.RELEASE/plugins/org.eclipse.justj.openjdk.hotspot.jre.full.linux.x86_64_15.0.1.v20201027-0507/jre/lib/libverify.so
7fb46c06b000-7fb46c06c000 rw-p 0000e000 08:02 2230434                    /home/jl/Documents/ACL/sts-4.9.0.RELEASE/plugins/org.eclipse.justj.openjdk.hotspot.jre.full.linux.x86_64_15.0.1.v20201027-0507/jre/lib/libverify.so
7fb46c06c000-7fb46c26c000 rw-p 00000000 00:00 0 
7fb46c26d000-7fb46c271000 ---p 00000000 00:00 0 
7fb46c271000-7fb46c39f000 rw-p 00000000 00:00 0 
7fb46c39f000-7fb46c3b4000 r-xp 00000000 08:02 2230467                    /home/jl/Documents/ACL/sts-4.9.0.RELEASE/plugins/org.eclipse.justj.openjdk.hotspot.jre.full.linux.x86_64_15.0.1.v20201027-0507/jre/lib/libnet.so
7fb46c3b4000-7fb46c3b5000 r--p 00014000 08:02 2230467                    /home/jl/Documents/ACL/sts-4.9.0.RELEASE/plugins/org.eclipse.justj.openjdk.hotspot.jre.full.linux.x86_64_15.0.1.v20201027-0507/jre/lib/libnet.so
7fb46c3b5000-7fb46c3b6000 rw-p 00015000 08:02 2230467                    /home/jl/Documents/ACL/sts-4.9.0.RELEASE/plugins/org.eclipse.justj.openjdk.hotspot.jre.full.linux.x86_64_15.0.1.v20201027-0507/jre/lib/libnet.so
7fb46c3b6000-7fb46c3c8000 r-xp 00000000 08:02 2230476                    /home/jl/Documents/ACL/sts-4.9.0.RELEASE/plugins/org.eclipse.justj.openjdk.hotspot.jre.full.linux.x86_64_15.0.1.v20201027-0507/jre/lib/libnio.so
7fb46c3c8000-7fb46c3c9000 r--p 00011000 08:02 2230476                    /home/jl/Documents/ACL/sts-4.9.0.RELEASE/plugins/org.eclipse.justj.openjdk.hotspot.jre.full.linux.x86_64_15.0.1.v20201027-0507/jre/lib/libnio.so
7fb46c3c9000-7fb46c3ca000 rw-p 00012000 08:02 2230476                    /home/jl/Documents/ACL/sts-4.9.0.RELEASE/plugins/org.eclipse.justj.openjdk.hotspot.jre.full.linux.x86_64_15.0.1.v20201027-0507/jre/lib/libnio.so
7fb46c3ca000-7fb46c3ce000 ---p 00000000 00:00 0 
7fb46c3ce000-7fb46c4cb000 rw-p 00000000 00:00 0 
7fb46c4cb000-7fb46c4cc000 ---p 00000000 00:00 0 
7fb46c4cc000-7fb46c5cd000 rw-p 00000000 00:00 0 
7fb46c5cd000-7fb46c5d1000 ---p 00000000 00:00 0 
7fb46c5d1000-7fb46c6ce000 rw-p 00000000 00:00 0 
7fb46c6ce000-7fb46c6d2000 ---p 00000000 00:00 0 
7fb46c6d2000-7fb46c7cf000 rw-p 00000000 00:00 0 
7fb46c7cf000-7fb46c7d3000 ---p 00000000 00:00 0 
7fb46c7d3000-7fb46c8d0000 rw-p 00000000 00:00 0 
7fb46c8d0000-7fb46c8d4000 ---p 00000000 00:00 0 
7fb46c8d4000-7fb46c9d1000 rw-p 00000000 00:00 0 
7fb46c9d1000-7fb46c9d5000 ---p 00000000 00:00 0 
7fb46c9d5000-7fb46cad2000 rw-p 00000000 00:00 0 
7fb46cad2000-7fb46cad6000 ---p 00000000 00:00 0 
7fb46cad6000-7fb46cbd3000 rw-p 00000000 00:00 0 
7fb46cbd3000-7fb46cbd7000 ---p 00000000 00:00 0 
7fb46cbd7000-7fb46ccd4000 rw-p 00000000 00:00 0 
7fb46ccd4000-7fb46ccd8000 ---p 00000000 00:00 0 
7fb46ccd8000-7fb46cdd5000 rw-p 00000000 00:00 0 
7fb46cdd5000-7fb46cdd6000 ---p 00000000 00:00 0 
7fb46cdd6000-7fb46d7f4000 rw-p 00000000 00:00 0 
7fb46d7f4000-7fb46d7f5000 ---p 00000000 00:00 0 
7fb46d7f5000-7fb46d8f6000 rw-p 00000000 00:00 0 
7fb46d8f6000-7fb46d8f7000 ---p 00000000 00:00 0 
7fb46d8f7000-7fb46fdfc000 rw-p 00000000 00:00 0 
7fb46fdfc000-7fb46fdfd000 ---p 00000000 00:00 0 
7fb46fdfd000-7fb46fefe000 rw-p 00000000 00:00 0 
7fb46fefe000-7fb46feff000 ---p 00000000 00:00 0 
7fb46feff000-7fb470000000 rw-p 00000000 00:00 0 
7fb470000000-7fb470021000 rw-p 00000000 00:00 0 
7fb470021000-7fb474000000 ---p 00000000 00:00 0 
7fb474007000-7fb474008000 ---p 00000000 00:00 0 
7fb474008000-7fb47422d000 rw-p 00000000 00:00 0 
7fb47422d000-7fb4742c1000 ---p 00000000 00:00 0 
7fb4742c1000-7fb4742cd000 rw-p 00000000 00:00 0 
7fb4742cd000-7fb4742f5000 ---p 00000000 00:00 0 
7fb4742f5000-7fb4742f9000 rw-p 00000000 00:00 0 
7fb4742f9000-7fb475fc1000 ---p 00000000 00:00 0 
7fb475fc1000-7fb4760e5000 rw-p 00000000 00:00 0 
7fb4760e5000-7fb476179000 ---p 00000000 00:00 0 
7fb476179000-7fb476185000 rw-p 00000000 00:00 0 
7fb476185000-7fb4761ad000 ---p 00000000 00:00 0 
7fb4761ad000-7fb4761b1000 rw-p 00000000 00:00 0 
7fb4761b1000-7fb477e79000 ---p 00000000 00:00 0 
7fb477e79000-7fb477e9e000 rw-p 00000000 00:00 0 
7fb477e9e000-7fb477eb0000 ---p 00000000 00:00 0 
7fb477eb0000-7fb477eb2000 rw-p 00000000 00:00 0 
7fb477eb2000-7fb477eb6000 ---p 00000000 00:00 0 
7fb477eb6000-7fb477eb7000 rw-p 00000000 00:00 0 
7fb477eb7000-7fb478250000 ---p 00000000 00:00 0 
7fb478250000-7fb478275000 rw-p 00000000 00:00 0 
7fb478275000-7fb478287000 ---p 00000000 00:00 0 
7fb478287000-7fb478289000 rw-p 00000000 00:00 0 
7fb478289000-7fb47828d000 ---p 00000000 00:00 0 
7fb47828d000-7fb47828e000 rw-p 00000000 00:00 0 
7fb47828e000-7fb478627000 ---p 00000000 00:00 0 
7fb478627000-7fb47864c000 rw-p 00000000 00:00 0 
7fb47864c000-7fb47865e000 ---p 00000000 00:00 0 
7fb47865e000-7fb478660000 rw-p 00000000 00:00 0 
7fb478660000-7fb478664000 ---p 00000000 00:00 0 
7fb478664000-7fb478665000 rw-p 00000000 00:00 0 
7fb478665000-7fb4789fe000 ---p 00000000 00:00 0 
7fb4789fe000-7fb478e07000 rw-p 00000000 00:00 0 
7fb478e07000-7fb478eed000 ---p 00000000 00:00 0 
7fb478eed000-7fb478ef5000 rw-p 00000000 00:00 0 
7fb478ef5000-7fb478fd8000 ---p 00000000 00:00 0 
7fb478fd8000-7fb479248000 rwxp 00000000 00:00 0 
7fb479248000-7fb479569000 ---p 00000000 00:00 0 
7fb479569000-7fb479939000 rwxp 00000000 00:00 0 
7fb479939000-7fb480aa0000 ---p 00000000 00:00 0 
7fb480aa0000-7fb480d10000 rwxp 00000000 00:00 0 
7fb480d10000-7fb487fd8000 ---p 00000000 00:00 0 
7fb487fd8000-7fb487fe3000 r-xp 00000000 08:02 10490991                   /lib/x86_64-linux-gnu/libnss_files-2.28.so
7fb487fe3000-7fb4881e2000 ---p 0000b000 08:02 10490991                   /lib/x86_64-linux-gnu/libnss_files-2.28.so
7fb4881e2000-7fb4881e3000 r--p 0000a000 08:02 10490991                   /lib/x86_64-linux-gnu/libnss_files-2.28.so
7fb4881e3000-7fb4881e4000 rw-p 0000b000 08:02 10490991                   /lib/x86_64-linux-gnu/libnss_files-2.28.so
7fb4881e4000-7fb4881ea000 rw-p 00000000 00:00 0 
7fb4881ea000-7fb488200000 r-xp 00000000 08:02 10490985                   /lib/x86_64-linux-gnu/libnsl-2.28.so
7fb488200000-7fb4883ff000 ---p 00016000 08:02 10490985                   /lib/x86_64-linux-gnu/libnsl-2.28.so
7fb4883ff000-7fb488400000 r--p 00015000 08:02 10490985                   /lib/x86_64-linux-gnu/libnsl-2.28.so
7fb488400000-7fb488401000 rw-p 00016000 08:02 10490985                   /lib/x86_64-linux-gnu/libnsl-2.28.so
7fb488401000-7fb488403000 rw-p 00000000 00:00 0 
7fb488403000-7fb48840e000 r-xp 00000000 08:02 10491002                   /lib/x86_64-linux-gnu/libnss_nis-2.28.so
7fb48840e000-7fb48860d000 ---p 0000b000 08:02 10491002                   /lib/x86_64-linux-gnu/libnss_nis-2.28.so
7fb48860d000-7fb48860e000 r--p 0000a000 08:02 10491002                   /lib/x86_64-linux-gnu/libnss_nis-2.28.so
7fb48860e000-7fb48860f000 rw-p 0000b000 08:02 10491002                   /lib/x86_64-linux-gnu/libnss_nis-2.28.so
7fb48860f000-7fb48c000000 r--s 00000000 08:02 2230484                    /home/jl/Documents/ACL/sts-4.9.0.RELEASE/plugins/org.eclipse.justj.openjdk.hotspot.jre.full.linux.x86_64_15.0.1.v20201027-0507/jre/lib/modules
7fb48c000000-7fb48e077000 rw-p 00000000 00:00 0 
7fb48e077000-7fb490000000 ---p 00000000 00:00 0 
7fb490005000-7fb49000c000 r-xp 00000000 08:02 2230457                    /home/jl/Documents/ACL/sts-4.9.0.RELEASE/plugins/org.eclipse.justj.openjdk.hotspot.jre.full.linux.x86_64_15.0.1.v20201027-0507/jre/lib/libzip.so
7fb49000c000-7fb49000d000 ---p 00007000 08:02 2230457                    /home/jl/Documents/ACL/sts-4.9.0.RELEASE/plugins/org.eclipse.justj.openjdk.hotspot.jre.full.linux.x86_64_15.0.1.v20201027-0507/jre/lib/libzip.so
7fb49000d000-7fb49000e000 r--p 00007000 08:02 2230457                    /home/jl/Documents/ACL/sts-4.9.0.RELEASE/plugins/org.eclipse.justj.openjdk.hotspot.jre.full.linux.x86_64_15.0.1.v20201027-0507/jre/lib/libzip.so
7fb49000e000-7fb49000f000 rw-p 00008000 08:02 2230457                    /home/jl/Documents/ACL/sts-4.9.0.RELEASE/plugins/org.eclipse.justj.openjdk.hotspot.jre.full.linux.x86_64_15.0.1.v20201027-0507/jre/lib/libzip.so
7fb49000f000-7fb490072000 rw-p 00000000 00:00 0 
7fb490072000-7fb49007a000 r-xp 00000000 08:02 10490987                   /lib/x86_64-linux-gnu/libnss_compat-2.28.so
7fb49007a000-7fb490279000 ---p 00008000 08:02 10490987                   /lib/x86_64-linux-gnu/libnss_compat-2.28.so
7fb490279000-7fb49027a000 r--p 00007000 08:02 10490987                   /lib/x86_64-linux-gnu/libnss_compat-2.28.so
7fb49027a000-7fb49027b000 rw-p 00008000 08:02 10490987                   /lib/x86_64-linux-gnu/libnss_compat-2.28.so
7fb49027b000-7fb490282000 r-xp 00000000 08:02 10491042                   /lib/x86_64-linux-gnu/librt-2.28.so
7fb490282000-7fb490481000 ---p 00007000 08:02 10491042                   /lib/x86_64-linux-gnu/librt-2.28.so
7fb490481000-7fb490482000 r--p 00006000 08:02 10491042                   /lib/x86_64-linux-gnu/librt-2.28.so
7fb490482000-7fb490483000 rw-p 00007000 08:02 10491042                   /lib/x86_64-linux-gnu/librt-2.28.so
7fb490483000-7fb490487000 ---p 00000000 00:00 0 
7fb490487000-7fb490584000 rw-p 00000000 00:00 0 
7fb490584000-7fb49070e000 r-xp 00000000 08:02 10490964                   /lib/x86_64-linux-gnu/libm-2.28.so
7fb49070e000-7fb49090d000 ---p 0018a000 08:02 10490964                   /lib/x86_64-linux-gnu/libm-2.28.so
7fb49090d000-7fb49090e000 r--p 00189000 08:02 10490964                   /lib/x86_64-linux-gnu/libm-2.28.so
7fb49090e000-7fb49090f000 rw-p 0018a000 08:02 10490964                   /lib/x86_64-linux-gnu/libm-2.28.so
7fb49090f000-7fb491956000 r-xp 00000000 08:02 2230454                    /home/jl/Documents/ACL/sts-4.9.0.RELEASE/plugins/org.eclipse.justj.openjdk.hotspot.jre.full.linux.x86_64_15.0.1.v20201027-0507/jre/lib/server/libjvm.so
7fb491956000-7fb4919f0000 r--p 01046000 08:02 2230454                    /home/jl/Documents/ACL/sts-4.9.0.RELEASE/plugins/org.eclipse.justj.openjdk.hotspot.jre.full.linux.x86_64_15.0.1.v20201027-0507/jre/lib/server/libjvm.so
7fb4919f0000-7fb491a27000 rw-p 010e0000 08:02 2230454                    /home/jl/Documents/ACL/sts-4.9.0.RELEASE/plugins/org.eclipse.justj.openjdk.hotspot.jre.full.linux.x86_64_15.0.1.v20201027-0507/jre/lib/server/libjvm.so
7fb491a27000-7fb491ab0000 rw-p 00000000 00:00 0 
7fb491ab0000-7fb491c8e000 r-xp 00000000 08:02 10490903                   /lib/x86_64-linux-gnu/libc-2.28.so
7fb491c8e000-7fb491e8d000 ---p 001de000 08:02 10490903                   /lib/x86_64-linux-gnu/libc-2.28.so
7fb491e8d000-7fb491e91000 r--p 001dd000 08:02 10490903                   /lib/x86_64-linux-gnu/libc-2.28.so
7fb491e91000-7fb491e93000 rw-p 001e1000 08:02 10490903                   /lib/x86_64-linux-gnu/libc-2.28.so
7fb491e93000-7fb491e97000 rw-p 00000000 00:00 0 
7fb491e97000-7fb491e9a000 r-xp 00000000 08:02 10490924                   /lib/x86_64-linux-gnu/libdl-2.28.so
7fb491e9a000-7fb492099000 ---p 00003000 08:02 10490924                   /lib/x86_64-linux-gnu/libdl-2.28.so
7fb492099000-7fb49209a000 r--p 00002000 08:02 10490924                   /lib/x86_64-linux-gnu/libdl-2.28.so
7fb49209a000-7fb49209b000 rw-p 00003000 08:02 10490924                   /lib/x86_64-linux-gnu/libdl-2.28.so
7fb49209b000-7fb4920b6000 r-xp 00000000 08:02 10491034                   /lib/x86_64-linux-gnu/libpthread-2.28.so
7fb4920b6000-7fb4922b5000 ---p 0001b000 08:02 10491034                   /lib/x86_64-linux-gnu/libpthread-2.28.so
7fb4922b5000-7fb4922b6000 r--p 0001a000 08:02 10491034                   /lib/x86_64-linux-gnu/libpthread-2.28.so
7fb4922b6000-7fb4922b7000 rw-p 0001b000 08:02 10491034                   /lib/x86_64-linux-gnu/libpthread-2.28.so
7fb4922b7000-7fb4922bb000 rw-p 00000000 00:00 0 
7fb4922bb000-7fb4922d7000 r-xp 00000000 08:02 10491073                   /lib/x86_64-linux-gnu/libz.so.1.2.11
7fb4922d7000-7fb4924d6000 ---p 0001c000 08:02 10491073                   /lib/x86_64-linux-gnu/libz.so.1.2.11
7fb4924d6000-7fb4924d7000 r--p 0001b000 08:02 10491073                   /lib/x86_64-linux-gnu/libz.so.1.2.11
7fb4924d7000-7fb4924d8000 rw-p 0001c000 08:02 10491073                   /lib/x86_64-linux-gnu/libz.so.1.2.11
7fb4924d8000-7fb492500000 r-xp 00000000 08:02 10490875                   /lib/x86_64-linux-gnu/ld-2.28.so
7fb492503000-7fb492524000 rw-p 00000000 00:00 0 
7fb492524000-7fb492548000 r-xp 00000000 08:02 2230479                    /home/jl/Documents/ACL/sts-4.9.0.RELEASE/plugins/org.eclipse.justj.openjdk.hotspot.jre.full.linux.x86_64_15.0.1.v20201027-0507/jre/lib/libjava.so
7fb492548000-7fb492549000 ---p 00024000 08:02 2230479                    /home/jl/Documents/ACL/sts-4.9.0.RELEASE/plugins/org.eclipse.justj.openjdk.hotspot.jre.full.linux.x86_64_15.0.1.v20201027-0507/jre/lib/libjava.so
7fb492549000-7fb49254a000 r--p 00024000 08:02 2230479                    /home/jl/Documents/ACL/sts-4.9.0.RELEASE/plugins/org.eclipse.justj.openjdk.hotspot.jre.full.linux.x86_64_15.0.1.v20201027-0507/jre/lib/libjava.so
7fb49254a000-7fb49254b000 rw-p 00025000 08:02 2230479                    /home/jl/Documents/ACL/sts-4.9.0.RELEASE/plugins/org.eclipse.justj.openjdk.hotspot.jre.full.linux.x86_64_15.0.1.v20201027-0507/jre/lib/libjava.so
7fb49254b000-7fb49254c000 rw-p 00000000 00:00 0 
7fb49254c000-7fb492568000 r-xp 00000000 08:02 2230466                    /home/jl/Documents/ACL/sts-4.9.0.RELEASE/plugins/org.eclipse.justj.openjdk.hotspot.jre.full.linux.x86_64_15.0.1.v20201027-0507/jre/lib/libjimage.so
7fb492568000-7fb49256a000 r--p 0001b000 08:02 2230466                    /home/jl/Documents/ACL/sts-4.9.0.RELEASE/plugins/org.eclipse.justj.openjdk.hotspot.jre.full.linux.x86_64_15.0.1.v20201027-0507/jre/lib/libjimage.so
7fb49256a000-7fb49256b000 rw-p 0001d000 08:02 2230466                    /home/jl/Documents/ACL/sts-4.9.0.RELEASE/plugins/org.eclipse.justj.openjdk.hotspot.jre.full.linux.x86_64_15.0.1.v20201027-0507/jre/lib/libjimage.so
7fb49256b000-7fb492570000 rw-p 00000000 00:00 0 
7fb492570000-7fb49257f000 r-xp 00000000 08:02 2230483                    /home/jl/Documents/ACL/sts-4.9.0.RELEASE/plugins/org.eclipse.justj.openjdk.hotspot.jre.full.linux.x86_64_15.0.1.v20201027-0507/jre/lib/libjli.so
7fb49257f000-7fb492580000 r--p 0000e000 08:02 2230483                    /home/jl/Documents/ACL/sts-4.9.0.RELEASE/plugins/org.eclipse.justj.openjdk.hotspot.jre.full.linux.x86_64_15.0.1.v20201027-0507/jre/lib/libjli.so
7fb492580000-7fb492581000 rw-p 0000f000 08:02 2230483                    /home/jl/Documents/ACL/sts-4.9.0.RELEASE/plugins/org.eclipse.justj.openjdk.hotspot.jre.full.linux.x86_64_15.0.1.v20201027-0507/jre/lib/libjli.so
7fb492581000-7fb4925c6000 r-xp 00000000 08:02 60031199                   /opt/eset/esets/lib/libesets_pac.so
7fb4925c6000-7fb4926c5000 ---p 00045000 08:02 60031199                   /opt/eset/esets/lib/libesets_pac.so
7fb4926c5000-7fb4926c8000 rw-p 00044000 08:02 60031199                   /opt/eset/esets/lib/libesets_pac.so
7fb4926c8000-7fb4926db000 rw-p 00000000 00:00 0 
7fb4926dc000-7fb4926de000 r-xp 00000000 08:02 2230469                    /home/jl/Documents/ACL/sts-4.9.0.RELEASE/plugins/org.eclipse.justj.openjdk.hotspot.jre.full.linux.x86_64_15.0.1.v20201027-0507/jre/lib/libextnet.so
7fb4926de000-7fb4926df000 r--p 00001000 08:02 2230469                    /home/jl/Documents/ACL/sts-4.9.0.RELEASE/plugins/org.eclipse.justj.openjdk.hotspot.jre.full.linux.x86_64_15.0.1.v20201027-0507/jre/lib/libextnet.so
7fb4926df000-7fb4926e0000 rw-p 00002000 08:02 2230469                    /home/jl/Documents/ACL/sts-4.9.0.RELEASE/plugins/org.eclipse.justj.openjdk.hotspot.jre.full.linux.x86_64_15.0.1.v20201027-0507/jre/lib/libextnet.so
7fb4926e0000-7fb4926e5000 rw-p 00000000 00:00 0 
7fb4926e5000-7fb4926ec000 ---p 00000000 00:00 0 
7fb4926ec000-7fb4926f4000 rw-s 00000000 08:02 46137753                   /tmp/hsperfdata_jl/21783
7fb4926f4000-7fb4926f5000 ---p 00000000 00:00 0 
7fb4926f5000-7fb4926f6000 r--p 00000000 00:00 0 
7fb4926f6000-7fb4926f7000 ---p 00000000 00:00 0 
7fb4926f7000-7fb4926fe000 r--s 00000000 08:02 15602466                   /usr/lib/x86_64-linux-gnu/gconv/gconv-modules.cache
7fb4926fe000-7fb492700000 rw-p 00000000 00:00 0 
7fb492700000-7fb492701000 r--p 00028000 08:02 10490875                   /lib/x86_64-linux-gnu/ld-2.28.so
7fb492701000-7fb492702000 rw-p 00029000 08:02 10490875                   /lib/x86_64-linux-gnu/ld-2.28.so
7fb492702000-7fb492703000 rw-p 00000000 00:00 0 
7fff4494a000-7fff4496d000 rw-p 00000000 00:00 0                          [stack]
7fff449a9000-7fff449ac000 r--p 00000000 00:00 0                          [vvar]
7fff449ac000-7fff449ad000 r-xp 00000000 00:00 0                          [vdso]
ffffffffff600000-ffffffffff601000 --xp 00000000 00:00 0                  [vsyscall]


VM Arguments:
jvm_args: -ea -Dfile.encoding=UTF-8 -XX:+ShowCodeDetailsInExceptionMessages 
java_command: org.testng.remote.RemoteTestNG -serport 41689 -protocol json -d /home/jl/Documents/ACL/AccessibleTodoList_End2endTests/test-output /tmp/testng-eclipse-309268884/testng-customsuite.xml
java_class_path (initial): /home/jl/Documents/ACL/sts-4.9.0.RELEASE/configuration/org.eclipse.osgi/596/0/.cp/lib/testng-remote.jar:/home/jl/Documents/ACL/AccessibleTodoList_End2endTests/target/test-classes:/home/jl/Documents/ACL/AccessibleTodoList_End2endTests/target/classes:/home/jl/Documents/ACL/sts-4.9.0.RELEASE/plugins/org.junit_4.13.0.v20200204-1500.jar:/home/jl/Documents/ACL/sts-4.9.0.RELEASE/plugins/org.hamcrest.core_1.3.0.v20180420-1519.jar:/home/jl/.m2/repository/org/seleniumhq/selenium/selenium-java/3.13.0/selenium-java-3.13.0.jar:/home/jl/.m2/repository/org/seleniumhq/selenium/selenium-api/3.13.0/selenium-api-3.13.0.jar:/home/jl/.m2/repository/org/seleniumhq/selenium/selenium-chrome-driver/3.13.0/selenium-chrome-driver-3.13.0.jar:/home/jl/.m2/repository/org/seleniumhq/selenium/selenium-edge-driver/3.13.0/selenium-edge-driver-3.13.0.jar:/home/jl/.m2/repository/org/seleniumhq/selenium/selenium-firefox-driver/3.13.0/selenium-firefox-driver-3.13.0.jar:/home/jl/.m2/repository/org/seleniumhq/selenium/selenium-ie-driver/3.13.0/selenium-ie-driver-3.13.0.jar:/home/jl/.m2/repository/org/seleniumhq/selenium/selenium-opera-driver/3.13.0/selenium-opera-driver-3.13.0.jar:/home/jl/.m2/repository/org/seleniumhq/selenium/selenium-remote-driver/3.13.0/selenium-remote-driver-3.13.0.jar:/home/jl/.m2/repository/org/seleniumhq/selenium/selenium-safari-driver/3.13.0/selenium-safari-driver-3.13.0.jar:/home/jl/.m2/repository/org/seleniumhq/selenium/selenium-support/3.13.0/selenium-support-3.13.0.jar:/home/jl/.m2/repository/net/bytebuddy/byte-buddy/1.8.3/byte-buddy-1.8.3.jar:/home/jl/.m2/repository/org/apache/commons/commons-exec/1.3/commons-exec-1.3.jar:/home/jl/.m2/repository/commons-codec/commons-codec/1.10/commons-codec-1.10.jar:/home/jl/.m2/repository/commons-logging/commons-logging/1.2/commons-logging-1.2.jar:/home/jl/.m2/repository/com/google/code/gson/gson/2.8.4/gson-2.8.4.jar:/home/jl/.m2/repository/com/google/guava/guava/25.0-jre/guava-25.0-jre.jar:/home/jl/.m2/reposit
Launcher Type: SUN_STANDARD

[Global flags]
     intx CICompilerCount                          = 3                                         {product} {ergonomic}
     uint ConcGCThreads                            = 1                                         {product} {ergonomic}
     uint G1ConcRefinementThreads                  = 4                                         {product} {ergonomic}
   size_t G1HeapRegionSize                         = 1048576                                   {product} {ergonomic}
    uintx GCDrainStackTargetSize                   = 64                                        {product} {ergonomic}
   size_t InitialHeapSize                          = 130023424                                 {product} {ergonomic}
   size_t MarkStackSize                            = 4194304                                   {product} {ergonomic}
   size_t MaxHeapSize                              = 2061500416                                {product} {ergonomic}
   size_t MaxNewSize                               = 1236271104                                {product} {ergonomic}
   size_t MinHeapDeltaBytes                        = 1048576                                   {product} {ergonomic}
   size_t MinHeapSize                              = 8388608                                   {product} {ergonomic}
    uintx NonNMethodCodeHeapSize                   = 5832780                                {pd product} {ergonomic}
    uintx NonProfiledCodeHeapSize                  = 122912730                              {pd product} {ergonomic}
    uintx ProfiledCodeHeapSize                     = 122912730                              {pd product} {ergonomic}
    uintx ReservedCodeCacheSize                    = 251658240                              {pd product} {ergonomic}
     bool SegmentedCodeCache                       = true                                      {product} {ergonomic}
     bool ShowCodeDetailsInExceptionMessages       = true                                   {manageable} {command line}
   size_t SoftMaxHeapSize                          = 2061500416                             {manageable} {ergonomic}
     bool UseCompressedClassPointers               = true                                 {lp64_product} {ergonomic}
     bool UseCompressedOops                        = true                                 {lp64_product} {ergonomic}
     bool UseG1GC                                  = true                                      {product} {ergonomic}

Logging:
Log output configuration:
 #0: stdout all=warning uptime,level,tags
 #1: stderr all=off uptime,level,tags

Environment Variables:
PATH=~/Documents/ACL/AccessibleTodoList_FrontEnd/node_modules/@angular/cli/bin:/home/jl/Documents/ACL/node-v14.15.5-linux-x64/bin:/usr/local/sbin:/usr/local/bin:/usr/sbin:/usr/bin:/sbin:/bin:/usr/games:/usr/local/games:/snap/bin
USERNAME=jl
SHELL=/bin/bash
DISPLAY=:0
LANG=en_US.UTF-8

Signal Handlers:
SIGSEGV: [libjvm.so+0xd63670], sa_mask[0]=11111111011111111101111111111110, sa_flags=SA_RESTART|SA_SIGINFO
SIGBUS: [libjvm.so+0xd63670], sa_mask[0]=11111111011111111101111111111110, sa_flags=SA_RESTART|SA_SIGINFO
SIGFPE: [libjvm.so+0xd63670], sa_mask[0]=11111111011111111101111111111110, sa_flags=SA_RESTART|SA_SIGINFO
SIGPIPE: [libjvm.so+0xb410d0], sa_mask[0]=11111111011111111101111111111110, sa_flags=SA_RESTART|SA_SIGINFO
SIGXFSZ: [libjvm.so+0xb410d0], sa_mask[0]=11111111011111111101111111111110, sa_flags=SA_RESTART|SA_SIGINFO
SIGILL: [libjvm.so+0xd63670], sa_mask[0]=11111111011111111101111111111110, sa_flags=SA_RESTART|SA_SIGINFO
SIGUSR2: [libjvm.so+0xb40f70], sa_mask[0]=00100000000000000000000000000000, sa_flags=SA_RESTART|SA_SIGINFO
SIGHUP: [libjvm.so+0xb417e0], sa_mask[0]=11111111011111111101111111111110, sa_flags=SA_RESTART|SA_SIGINFO
SIGINT: [libjvm.so+0xb417e0], sa_mask[0]=11111111011111111101111111111110, sa_flags=SA_RESTART|SA_SIGINFO
SIGTERM: [libjvm.so+0xb417e0], sa_mask[0]=11111111011111111101111111111110, sa_flags=SA_RESTART|SA_SIGINFO
SIGQUIT: [libjvm.so+0xb417e0], sa_mask[0]=11111111011111111101111111111110, sa_flags=SA_RESTART|SA_SIGINFO


---------------  S Y S T E M  ---------------

OS:
DISTRIB_ID=Zorin
DISTRIB_RELEASE=15
DISTRIB_CODENAME=bionic
DISTRIB_DESCRIPTION="Zorin OS 15.3"
uname: Linux 5.4.0-65-generic #73~18.04.1-Ubuntu SMP Tue Jan 19 09:02:24 UTC 2021 x86_64
OS uptime: 0 days 4:28 hours
libc: glibc 2.28 NPTL 2.28 
rlimit (soft/hard): STACK 8192k/infinity , CORE 0k/infinity , NPROC 31171/31171 , NOFILE 4096/4096 , AS infinity/infinity , CPU infinity/infinity , DATA infinity/infinity , FSIZE infinity/infinity , MEMLOCK 65536k/65536k
load average: 1,46 1,01 1,00

/proc/meminfo:
MemTotal:        8052144 kB
MemFree:          153652 kB
MemAvailable:    2224736 kB
Buffers:           76936 kB
Cached:          3032680 kB
SwapCached:          612 kB
Active:          5919320 kB
Inactive:        1544560 kB
Active(anon):    4428504 kB
Inactive(anon):   795220 kB
Active(file):    1490816 kB
Inactive(file):   749340 kB
Unevictable:       70568 kB
Mlocked:             252 kB
SwapTotal:       2097148 kB
SwapFree:        2061152 kB
Dirty:              8968 kB
Writeback:             0 kB
AnonPages:       4424392 kB
Mapped:           918472 kB
Shmem:            869412 kB
KReclaimable:     107408 kB
Slab:             197304 kB
SReclaimable:     107408 kB
SUnreclaim:        89896 kB
KernelStack:       20928 kB
PageTables:        92376 kB
NFS_Unstable:          0 kB
Bounce:                0 kB
WritebackTmp:          0 kB
CommitLimit:     6123220 kB
Committed_AS:   11579416 kB
VmallocTotal:   34359738367 kB
VmallocUsed:       34020 kB
VmallocChunk:          0 kB
Percpu:             1456 kB
HardwareCorrupted:     0 kB
AnonHugePages:         0 kB
ShmemHugePages:        0 kB
ShmemPmdMapped:        0 kB
FileHugePages:         0 kB
FilePmdMapped:         0 kB
CmaTotal:              0 kB
CmaFree:               0 kB
HugePages_Total:       0
HugePages_Free:        0
HugePages_Rsvd:        0
HugePages_Surp:        0
Hugepagesize:       2048 kB
Hugetlb:               0 kB
DirectMap4k:      393040 kB
DirectMap2M:     7895040 kB
DirectMap1G:     1048576 kB

/sys/kernel/mm/transparent_hugepage/enabled: always [madvise] never
/sys/kernel/mm/transparent_hugepage/defrag (defrag/compaction efforts parameter): always defer defer+madvise [madvise] never

/proc/sys/kernel/threads-max (system-wide limit on the number of threads): 62343
/proc/sys/vm/max_map_count (maximum number of memory map areas a process may have): 65530
/proc/sys/kernel/pid_max (system-wide limit on number of process identifiers): 32768

/etc/ld.so.preload:
libesets_pac.so

container (cgroup) information:
container_type: cgroupv1
cpu_cpuset_cpus: 0-3
cpu_memory_nodes: 0
active_processor_count: 4
cpu_quota: no quota
cpu_period: 100000
cpu_shares: no shares
memory_limit_in_bytes: unlimited
memory_and_swap_limit_in_bytes: not supported
memory_soft_limit_in_bytes: unlimited
memory_usage_in_bytes: 7714820096
memory_max_usage_in_bytes: unlimited

Steal ticks since vm start: 0
Steal ticks percentage since vm start:  0,000

CPU: total 4 (initial active 4) (2 cores per cpu, 2 threads per core) family 6 model 61 stepping 4 microcode 0x2f, cmov, cx8, fxsr, mmx, sse, sse2, sse3, ssse3, sse4.1, sse4.2, popcnt, vzeroupper, avx, avx2, aes, clmul, erms, 3dnowpref, lzcnt, ht, tsc, tscinvbit, bmi1, bmi2, adx, fma, clflush
CPU Model and flags from /proc/cpuinfo:
model name	: Intel(R) Core(TM) i3-5005U CPU @ 2.00GHz
flags		: fpu vme de pse tsc msr pae mce cx8 apic sep mtrr pge mca cmov pat pse36 clflush dts acpi mmx fxsr sse sse2 ss ht tm pbe syscall nx pdpe1gb rdtscp lm constant_tsc arch_perfmon pebs bts rep_good nopl xtopology nonstop_tsc cpuid aperfmperf pni pclmulqdq dtes64 monitor ds_cpl vmx est tm2 ssse3 sdbg fma cx16 xtpr pdcm pcid sse4_1 sse4_2 x2apic movbe popcnt tsc_deadline_timer aes xsave avx f16c rdrand lahf_lm abm 3dnowprefetch cpuid_fault epb invpcid_single pti ssbd ibrs ibpb stibp tpr_shadow vnmi flexpriority ept vpid ept_ad fsgsbase tsc_adjust bmi1 avx2 smep bmi2 erms invpcid rdseed adx smap intel_pt xsaveopt dtherm arat pln pts md_clear flush_l1d

Online cpus: 0-3
Offline cpus: 
BIOS frequency limitation: <Not Available>
Frequency switch latency (ns): 0
Available cpu frequencies: <Not Available>
Current governor: powersave
Core performance/turbo boost: <Not Available>

Memory: 4k page, physical 8052144k(153660k free), swap 2097148k(2061152k free)

vm_info: OpenJDK 64-Bit Server VM (15.0.1+9-18) for linux-amd64 JRE (15.0.1+9-18), built on Sep 15 2020 13:31:44 by "mach5one" with gcc 9.2.0

END.
